{"C:\\Users\\gadie\\OneDrive\\Documentos\\GitHub\\sedir-web-2026\\backend\\src\\app.js": {"path":"C:\\Users\\gadie\\OneDrive\\Documentos\\GitHub\\sedir-web-2026\\backend\\src\\app.js","statementMap":{"0":{"start":{"line":1,"column":16},"end":{"line":1,"column":34}},"1":{"start":{"line":2,"column":13},"end":{"line":2,"column":28}},"2":{"start":{"line":4,"column":21},"end":{"line":4,"column":54}},"3":{"start":{"line":5,"column":19},"end":{"line":5,"column":50}},"4":{"start":{"line":6,"column":23},"end":{"line":6,"column":58}},"5":{"start":{"line":7,"column":22},"end":{"line":7,"column":56}},"6":{"start":{"line":8,"column":23},"end":{"line":8,"column":58}},"7":{"start":{"line":9,"column":23},"end":{"line":9,"column":58}},"8":{"start":{"line":10,"column":20},"end":{"line":10,"column":52}},"9":{"start":{"line":11,"column":26},"end":{"line":11,"column":64}},"10":{"start":{"line":12,"column":22},"end":{"line":12,"column":56}},"11":{"start":{"line":13,"column":42},"end":{"line":13,"column":78}},"12":{"start":{"line":14,"column":44},"end":{"line":14,"column":87}},"13":{"start":{"line":16,"column":12},"end":{"line":16,"column":21}},"14":{"start":{"line":18,"column":0},"end":{"line":18,"column":28}},"15":{"start":{"line":20,"column":0},"end":{"line":20,"column":25}},"16":{"start":{"line":21,"column":0},"end":{"line":21,"column":42}},"17":{"start":{"line":22,"column":0},"end":{"line":22,"column":64}},"18":{"start":{"line":23,"column":0},"end":{"line":23,"column":68}},"19":{"start":{"line":25,"column":0},"end":{"line":25,"column":22}},"20":{"start":{"line":26,"column":0},"end":{"line":26,"column":32}},"21":{"start":{"line":27,"column":0},"end":{"line":27,"column":33}},"22":{"start":{"line":28,"column":0},"end":{"line":28,"column":41}},"23":{"start":{"line":29,"column":0},"end":{"line":29,"column":40}},"24":{"start":{"line":30,"column":0},"end":{"line":30,"column":42}},"25":{"start":{"line":31,"column":0},"end":{"line":31,"column":42}},"26":{"start":{"line":32,"column":0},"end":{"line":32,"column":35}},"27":{"start":{"line":33,"column":0},"end":{"line":33,"column":49}},"28":{"start":{"line":34,"column":0},"end":{"line":34,"column":40}},"29":{"start":{"line":36,"column":0},"end":{"line":36,"column":25}},"30":{"start":{"line":37,"column":0},"end":{"line":37,"column":22}},"31":{"start":{"line":39,"column":0},"end":{"line":39,"column":21}}},"fnMap":{},"branchMap":{},"s":{"0":6,"1":6,"2":6,"3":6,"4":6,"5":6,"6":6,"7":6,"8":6,"9":6,"10":6,"11":6,"12":6,"13":6,"14":6,"15":6,"16":6,"17":6,"18":6,"19":6,"20":6,"21":6,"22":6,"23":6,"24":6,"25":6,"26":6,"27":6,"28":6,"29":6,"30":6,"31":6},"f":{},"b":{},"_coverageSchema":"1a1c01bbd47fc00a2c39e90264f33305004495a9","hash":"58e107a82806c2aac0ee4f9c47e502ce642152f4"}
,"C:\\Users\\gadie\\OneDrive\\Documentos\\GitHub\\sedir-web-2026\\backend\\src\\config\\database.js": {"path":"C:\\Users\\gadie\\OneDrive\\Documentos\\GitHub\\sedir-web-2026\\backend\\src\\config\\database.js","statementMap":{"0":{"start":{"line":1,"column":17},"end":{"line":1,"column":30}},"1":{"start":{"line":3,"column":13},"end":{"line":10,"column":2}},"2":{"start":{"line":13,"column":17},"end":{"line":13,"column":37}},"3":{"start":{"line":15,"column":2},"end":{"line":20,"column":3}},"4":{"start":{"line":16,"column":4},"end":{"line":16,"column":36}},"5":{"start":{"line":17,"column":4},"end":{"line":17,"column":49}},"6":{"start":{"line":19,"column":4},"end":{"line":19,"column":21}},"7":{"start":{"line":23,"column":0},"end":{"line":23,"column":37}},"8":{"start":{"line":25,"column":0},"end":{"line":25,"column":22}}},"fnMap":{"0":{"name":"testConnection","decl":{"start":{"line":12,"column":15},"end":{"line":12,"column":29}},"loc":{"start":{"line":12,"column":32},"end":{"line":21,"column":1}},"line":12}},"branchMap":{"0":{"loc":{"start":{"line":5,"column":8},"end":{"line":5,"column":42}},"type":"binary-expr","locations":[{"start":{"line":5,"column":8},"end":{"line":5,"column":34}},{"start":{"line":5,"column":38},"end":{"line":5,"column":42}}],"line":5},"1":{"loc":{"start":{"line":9,"column":7},"end":{"line":9,"column":75}},"type":"cond-expr","locations":[{"start":{"line":9,"column":38},"end":{"line":9,"column":67}},{"start":{"line":9,"column":70},"end":{"line":9,"column":75}}],"line":9}},"s":{"0":6,"1":6,"2":0,"3":0,"4":0,"5":0,"6":0,"7":6,"8":6},"f":{"0":0},"b":{"0":[6,6],"1":[0,6]},"_coverageSchema":"1a1c01bbd47fc00a2c39e90264f33305004495a9","hash":"a968fc651fc00168115ea2dc41744d74fb89caac"}
,"C:\\Users\\gadie\\OneDrive\\Documentos\\GitHub\\sedir-web-2026\\backend\\src\\controllers\\auth.controller.js": {"path":"C:\\Users\\gadie\\OneDrive\\Documentos\\GitHub\\sedir-web-2026\\backend\\src\\controllers\\auth.controller.js","statementMap":{"0":{"start":{"line":1,"column":15},"end":{"line":1,"column":34}},"1":{"start":{"line":2,"column":12},"end":{"line":2,"column":35}},"2":{"start":{"line":4,"column":13},"end":{"line":4,"column":42}},"3":{"start":{"line":6,"column":25},"end":{"line":6,"column":29}},"4":{"start":{"line":9,"column":2},"end":{"line":14,"column":4}},"5":{"start":{"line":18,"column":2},"end":{"line":81,"column":3}},"6":{"start":{"line":19,"column":23},"end":{"line":19,"column":63}},"7":{"start":{"line":20,"column":21},"end":{"line":20,"column":52}},"8":{"start":{"line":22,"column":4},"end":{"line":26,"column":5}},"9":{"start":{"line":23,"column":6},"end":{"line":25,"column":9}},"10":{"start":{"line":28,"column":19},"end":{"line":36,"column":5}},"11":{"start":{"line":38,"column":4},"end":{"line":42,"column":5}},"12":{"start":{"line":39,"column":6},"end":{"line":41,"column":9}},"13":{"start":{"line":44,"column":17},"end":{"line":44,"column":31}},"14":{"start":{"line":45,"column":20},"end":{"line":45,"column":70}},"15":{"start":{"line":47,"column":4},"end":{"line":51,"column":5}},"16":{"start":{"line":48,"column":6},"end":{"line":50,"column":9}},"17":{"start":{"line":53,"column":19},"end":{"line":53,"column":41}},"18":{"start":{"line":55,"column":4},"end":{"line":59,"column":5}},"19":{"start":{"line":56,"column":6},"end":{"line":58,"column":9}},"20":{"start":{"line":61,"column":21},"end":{"line":61,"column":40}},"21":{"start":{"line":62,"column":18},"end":{"line":71,"column":5}},"22":{"start":{"line":73,"column":4},"end":{"line":76,"column":7}},"23":{"start":{"line":78,"column":4},"end":{"line":80,"column":7}},"24":{"start":{"line":85,"column":2},"end":{"line":116,"column":3}},"25":{"start":{"line":86,"column":19},"end":{"line":86,"column":40}},"26":{"start":{"line":88,"column":4},"end":{"line":92,"column":5}},"27":{"start":{"line":89,"column":6},"end":{"line":91,"column":9}},"28":{"start":{"line":94,"column":19},"end":{"line":101,"column":5}},"29":{"start":{"line":103,"column":4},"end":{"line":107,"column":5}},"30":{"start":{"line":104,"column":6},"end":{"line":106,"column":9}},"31":{"start":{"line":109,"column":4},"end":{"line":111,"column":7}},"32":{"start":{"line":113,"column":4},"end":{"line":115,"column":7}},"33":{"start":{"line":119,"column":0},"end":{"line":122,"column":2}}},"fnMap":{"0":{"name":"buildAuthUser","decl":{"start":{"line":8,"column":9},"end":{"line":8,"column":22}},"loc":{"start":{"line":8,"column":28},"end":{"line":15,"column":1}},"line":8},"1":{"name":"login","decl":{"start":{"line":17,"column":15},"end":{"line":17,"column":20}},"loc":{"start":{"line":17,"column":31},"end":{"line":82,"column":1}},"line":17},"2":{"name":"me","decl":{"start":{"line":84,"column":15},"end":{"line":84,"column":17}},"loc":{"start":{"line":84,"column":28},"end":{"line":117,"column":1}},"line":84}},"branchMap":{"0":{"loc":{"start":{"line":19,"column":30},"end":{"line":19,"column":55}},"type":"binary-expr","locations":[{"start":{"line":19,"column":30},"end":{"line":19,"column":49}},{"start":{"line":19,"column":53},"end":{"line":19,"column":55}}],"line":19},"1":{"loc":{"start":{"line":20,"column":28},"end":{"line":20,"column":51}},"type":"binary-expr","locations":[{"start":{"line":20,"column":28},"end":{"line":20,"column":45}},{"start":{"line":20,"column":49},"end":{"line":20,"column":51}}],"line":20},"2":{"loc":{"start":{"line":22,"column":4},"end":{"line":26,"column":5}},"type":"if","locations":[{"start":{"line":22,"column":4},"end":{"line":26,"column":5}},{"start":{},"end":{}}],"line":22},"3":{"loc":{"start":{"line":22,"column":8},"end":{"line":22,"column":32}},"type":"binary-expr","locations":[{"start":{"line":22,"column":8},"end":{"line":22,"column":19}},{"start":{"line":22,"column":23},"end":{"line":22,"column":32}}],"line":22},"4":{"loc":{"start":{"line":38,"column":4},"end":{"line":42,"column":5}},"type":"if","locations":[{"start":{"line":38,"column":4},"end":{"line":42,"column":5}},{"start":{},"end":{}}],"line":38},"5":{"loc":{"start":{"line":47,"column":4},"end":{"line":51,"column":5}},"type":"if","locations":[{"start":{"line":47,"column":4},"end":{"line":51,"column":5}},{"start":{},"end":{}}],"line":47},"6":{"loc":{"start":{"line":55,"column":4},"end":{"line":59,"column":5}},"type":"if","locations":[{"start":{"line":55,"column":4},"end":{"line":59,"column":5}},{"start":{},"end":{}}],"line":55},"7":{"loc":{"start":{"line":88,"column":4},"end":{"line":92,"column":5}},"type":"if","locations":[{"start":{"line":88,"column":4},"end":{"line":92,"column":5}},{"start":{},"end":{}}],"line":88},"8":{"loc":{"start":{"line":103,"column":4},"end":{"line":107,"column":5}},"type":"if","locations":[{"start":{"line":103,"column":4},"end":{"line":107,"column":5}},{"start":{},"end":{}}],"line":103}},"s":{"0":6,"1":6,"2":6,"3":6,"4":0,"5":0,"6":0,"7":0,"8":0,"9":0,"10":0,"11":0,"12":0,"13":0,"14":0,"15":0,"16":0,"17":0,"18":0,"19":0,"20":0,"21":0,"22":0,"23":0,"24":0,"25":0,"26":0,"27":0,"28":0,"29":0,"30":0,"31":0,"32":0,"33":6},"f":{"0":0,"1":0,"2":0},"b":{"0":[0,0],"1":[0,0],"2":[0,0],"3":[0,0],"4":[0,0],"5":[0,0],"6":[0,0],"7":[0,0],"8":[0,0]},"_coverageSchema":"1a1c01bbd47fc00a2c39e90264f33305004495a9","hash":"e47a10b512222b415abd65bc7ebd01546227adee"}
,"C:\\Users\\gadie\\OneDrive\\Documentos\\GitHub\\sedir-web-2026\\backend\\src\\controllers\\clima.controller.js": {"path":"C:\\Users\\gadie\\OneDrive\\Documentos\\GitHub\\sedir-web-2026\\backend\\src\\controllers\\clima.controller.js","statementMap":{"0":{"start":{"line":1,"column":20},"end":{"line":1,"column":52}},"1":{"start":{"line":5,"column":23},"end":{"line":5,"column":48}},"2":{"start":{"line":6,"column":17},"end":{"line":6,"column":26}},"3":{"start":{"line":8,"column":25},"end":{"line":8,"column":29}},"4":{"start":{"line":11,"column":2},"end":{"line":13,"column":3}},"5":{"start":{"line":12,"column":4},"end":{"line":12,"column":46}},"6":{"start":{"line":14,"column":2},"end":{"line":16,"column":3}},"7":{"start":{"line":15,"column":4},"end":{"line":15,"column":30}},"8":{"start":{"line":18,"column":15},"end":{"line":18,"column":51}},"9":{"start":{"line":19,"column":21},"end":{"line":19,"column":40}},"10":{"start":{"line":20,"column":2},"end":{"line":26,"column":3}},"11":{"start":{"line":21,"column":18},"end":{"line":23,"column":5}},"12":{"start":{"line":24,"column":4},"end":{"line":24,"column":23}},"13":{"start":{"line":25,"column":4},"end":{"line":25,"column":16}},"14":{"start":{"line":31,"column":2},"end":{"line":36,"column":3}},"15":{"start":{"line":32,"column":4},"end":{"line":35,"column":6}},"16":{"start":{"line":38,"column":2},"end":{"line":38,"column":48}},"17":{"start":{"line":39,"column":2},"end":{"line":39,"column":28}},"18":{"start":{"line":43,"column":17},"end":{"line":43,"column":48}},"19":{"start":{"line":44,"column":20},"end":{"line":44,"column":54}},"20":{"start":{"line":45,"column":2},"end":{"line":51,"column":3}},"21":{"start":{"line":46,"column":18},"end":{"line":48,"column":5}},"22":{"start":{"line":49,"column":4},"end":{"line":49,"column":23}},"23":{"start":{"line":50,"column":4},"end":{"line":50,"column":16}},"24":{"start":{"line":52,"column":2},"end":{"line":52,"column":31}},"25":{"start":{"line":56,"column":32},"end":{"line":56,"column":57}},"26":{"start":{"line":57,"column":14},"end":{"line":57,"column":87}},"27":{"start":{"line":59,"column":20},"end":{"line":61,"column":4}},"28":{"start":{"line":63,"column":2},"end":{"line":70,"column":3}},"29":{"start":{"line":64,"column":18},"end":{"line":64,"column":56}},"30":{"start":{"line":64,"column":53},"end":{"line":64,"column":55}},"31":{"start":{"line":65,"column":18},"end":{"line":67,"column":5}},"32":{"start":{"line":68,"column":4},"end":{"line":68,"column":23}},"33":{"start":{"line":69,"column":4},"end":{"line":69,"column":16}},"34":{"start":{"line":72,"column":2},"end":{"line":72,"column":26}},"35":{"start":{"line":85,"column":17},"end":{"line":85,"column":19}},"36":{"start":{"line":86,"column":29},"end":{"line":86,"column":31}},"37":{"start":{"line":87,"column":23},"end":{"line":87,"column":25}},"38":{"start":{"line":89,"column":2},"end":{"line":97,"column":3}},"39":{"start":{"line":90,"column":4},"end":{"line":96,"column":5}},"40":{"start":{"line":91,"column":6},"end":{"line":95,"column":7}},"41":{"start":{"line":92,"column":8},"end":{"line":92,"column":38}},"42":{"start":{"line":94,"column":8},"end":{"line":94,"column":32}},"43":{"start":{"line":101,"column":2},"end":{"line":106,"column":3}},"44":{"start":{"line":102,"column":4},"end":{"line":105,"column":5}},"45":{"start":{"line":103,"column":6},"end":{"line":103,"column":58}},"46":{"start":{"line":103,"column":49},"end":{"line":103,"column":58}},"47":{"start":{"line":104,"column":6},"end":{"line":104,"column":61}},"48":{"start":{"line":104,"column":39},"end":{"line":104,"column":61}},"49":{"start":{"line":108,"column":2},"end":{"line":131,"column":4}},"50":{"start":{"line":134,"column":0},"end":{"line":142,"column":2}},"51":{"start":{"line":135,"column":2},"end":{"line":141,"column":3}},"52":{"start":{"line":136,"column":17},"end":{"line":136,"column":53}},"53":{"start":{"line":137,"column":4},"end":{"line":137,"column":19}},"54":{"start":{"line":139,"column":4},"end":{"line":139,"column":25}},"55":{"start":{"line":140,"column":4},"end":{"line":140,"column":67}},"56":{"start":{"line":144,"column":0},"end":{"line":161,"column":2}},"57":{"start":{"line":145,"column":2},"end":{"line":160,"column":3}},"58":{"start":{"line":146,"column":18},"end":{"line":146,"column":28}},"59":{"start":{"line":147,"column":4},"end":{"line":149,"column":5}},"60":{"start":{"line":148,"column":6},"end":{"line":148,"column":45}},"61":{"start":{"line":151,"column":22},"end":{"line":151,"column":47}},"62":{"start":{"line":152,"column":16},"end":{"line":152,"column":64}},"63":{"start":{"line":153,"column":20},"end":{"line":153,"column":43}},"64":{"start":{"line":155,"column":4},"end":{"line":155,"column":67}},"65":{"start":{"line":156,"column":4},"end":{"line":156,"column":22}},"66":{"start":{"line":158,"column":4},"end":{"line":158,"column":25}},"67":{"start":{"line":159,"column":4},"end":{"line":159,"column":67}}},"fnMap":{"0":{"name":"resolverStationId","decl":{"start":{"line":10,"column":15},"end":{"line":10,"column":32}},"loc":{"start":{"line":10,"column":35},"end":{"line":40,"column":1}},"line":10},"1":{"name":"credencialesWeatherLink","decl":{"start":{"line":42,"column":9},"end":{"line":42,"column":32}},"loc":{"start":{"line":42,"column":35},"end":{"line":53,"column":1}},"line":42},"2":{"name":"llamarWeatherLink","decl":{"start":{"line":55,"column":15},"end":{"line":55,"column":32}},"loc":{"start":{"line":55,"column":39},"end":{"line":73,"column":1}},"line":55},"3":{"name":"(anonymous_3)","decl":{"start":{"line":64,"column":47},"end":{"line":64,"column":48}},"loc":{"start":{"line":64,"column":53},"end":{"line":64,"column":55}},"line":64},"4":{"name":"resumirClimaActual","decl":{"start":{"line":84,"column":9},"end":{"line":84,"column":27}},"loc":{"start":{"line":84,"column":33},"end":{"line":132,"column":1}},"line":84},"5":{"name":"(anonymous_5)","decl":{"start":{"line":134,"column":28},"end":{"line":134,"column":29}},"loc":{"start":{"line":134,"column":48},"end":{"line":142,"column":1}},"line":134},"6":{"name":"(anonymous_6)","decl":{"start":{"line":144,"column":29},"end":{"line":144,"column":30}},"loc":{"start":{"line":144,"column":49},"end":{"line":161,"column":1}},"line":144}},"branchMap":{"0":{"loc":{"start":{"line":11,"column":2},"end":{"line":13,"column":3}},"type":"if","locations":[{"start":{"line":11,"column":2},"end":{"line":13,"column":3}},{"start":{},"end":{}}],"line":11},"1":{"loc":{"start":{"line":14,"column":2},"end":{"line":16,"column":3}},"type":"if","locations":[{"start":{"line":14,"column":2},"end":{"line":16,"column":3}},{"start":{},"end":{}}],"line":14},"2":{"loc":{"start":{"line":19,"column":21},"end":{"line":19,"column":40}},"type":"binary-expr","locations":[{"start":{"line":19,"column":21},"end":{"line":19,"column":34}},{"start":{"line":19,"column":38},"end":{"line":19,"column":40}}],"line":19},"3":{"loc":{"start":{"line":20,"column":2},"end":{"line":26,"column":3}},"type":"if","locations":[{"start":{"line":20,"column":2},"end":{"line":26,"column":3}},{"start":{},"end":{}}],"line":20},"4":{"loc":{"start":{"line":31,"column":2},"end":{"line":36,"column":3}},"type":"if","locations":[{"start":{"line":31,"column":2},"end":{"line":36,"column":3}},{"start":{},"end":{}}],"line":31},"5":{"loc":{"start":{"line":45,"column":2},"end":{"line":51,"column":3}},"type":"if","locations":[{"start":{"line":45,"column":2},"end":{"line":51,"column":3}},{"start":{},"end":{}}],"line":45},"6":{"loc":{"start":{"line":45,"column":6},"end":{"line":45,"column":27}},"type":"binary-expr","locations":[{"start":{"line":45,"column":6},"end":{"line":45,"column":13}},{"start":{"line":45,"column":17},"end":{"line":45,"column":27}}],"line":45},"7":{"loc":{"start":{"line":57,"column":38},"end":{"line":57,"column":68}},"type":"cond-expr","locations":[{"start":{"line":57,"column":59},"end":{"line":57,"column":62}},{"start":{"line":57,"column":65},"end":{"line":57,"column":68}}],"line":57},"8":{"loc":{"start":{"line":63,"column":2},"end":{"line":70,"column":3}},"type":"if","locations":[{"start":{"line":63,"column":2},"end":{"line":70,"column":3}},{"start":{},"end":{}}],"line":63},"9":{"loc":{"start":{"line":66,"column":52},"end":{"line":66,"column":81}},"type":"binary-expr","locations":[{"start":{"line":66,"column":52},"end":{"line":66,"column":57}},{"start":{"line":66,"column":61},"end":{"line":66,"column":81}}],"line":66},"10":{"loc":{"start":{"line":89,"column":23},"end":{"line":89,"column":40}},"type":"binary-expr","locations":[{"start":{"line":89,"column":23},"end":{"line":89,"column":34}},{"start":{"line":89,"column":38},"end":{"line":89,"column":40}}],"line":89},"11":{"loc":{"start":{"line":90,"column":23},"end":{"line":90,"column":40}},"type":"binary-expr","locations":[{"start":{"line":90,"column":23},"end":{"line":90,"column":34}},{"start":{"line":90,"column":38},"end":{"line":90,"column":40}}],"line":90},"12":{"loc":{"start":{"line":91,"column":6},"end":{"line":95,"column":7}},"type":"if","locations":[{"start":{"line":91,"column":6},"end":{"line":95,"column":7}},{"start":{"line":93,"column":13},"end":{"line":95,"column":7}}],"line":91},"13":{"loc":{"start":{"line":91,"column":10},"end":{"line":91,"column":74}},"type":"binary-expr","locations":[{"start":{"line":91,"column":10},"end":{"line":91,"column":40}},{"start":{"line":91,"column":44},"end":{"line":91,"column":74}}],"line":91},"14":{"loc":{"start":{"line":103,"column":6},"end":{"line":103,"column":58}},"type":"if","locations":[{"start":{"line":103,"column":6},"end":{"line":103,"column":58}},{"start":{},"end":{}}],"line":103},"15":{"loc":{"start":{"line":103,"column":10},"end":{"line":103,"column":47}},"type":"binary-expr","locations":[{"start":{"line":103,"column":10},"end":{"line":103,"column":24}},{"start":{"line":103,"column":28},"end":{"line":103,"column":47}}],"line":103},"16":{"loc":{"start":{"line":104,"column":6},"end":{"line":104,"column":61}},"type":"if","locations":[{"start":{"line":104,"column":6},"end":{"line":104,"column":61}},{"start":{},"end":{}}],"line":104},"17":{"loc":{"start":{"line":110,"column":17},"end":{"line":110,"column":66}},"type":"cond-expr","locations":[{"start":{"line":110,"column":36},"end":{"line":110,"column":59}},{"start":{"line":110,"column":62},"end":{"line":110,"column":66}}],"line":110},"18":{"loc":{"start":{"line":111,"column":19},"end":{"line":111,"column":38}},"type":"binary-expr","locations":[{"start":{"line":111,"column":19},"end":{"line":111,"column":30}},{"start":{"line":111,"column":34},"end":{"line":111,"column":38}}],"line":111},"19":{"loc":{"start":{"line":112,"column":23},"end":{"line":112,"column":49}},"type":"binary-expr","locations":[{"start":{"line":112,"column":23},"end":{"line":112,"column":41}},{"start":{"line":112,"column":45},"end":{"line":112,"column":49}}],"line":112},"20":{"loc":{"start":{"line":113,"column":26},"end":{"line":113,"column":57}},"type":"binary-expr","locations":[{"start":{"line":113,"column":26},"end":{"line":113,"column":49}},{"start":{"line":113,"column":53},"end":{"line":113,"column":57}}],"line":113},"21":{"loc":{"start":{"line":114,"column":23},"end":{"line":114,"column":49}},"type":"binary-expr","locations":[{"start":{"line":114,"column":23},"end":{"line":114,"column":41}},{"start":{"line":114,"column":45},"end":{"line":114,"column":49}}],"line":114},"22":{"loc":{"start":{"line":115,"column":26},"end":{"line":115,"column":57}},"type":"binary-expr","locations":[{"start":{"line":115,"column":26},"end":{"line":115,"column":49}},{"start":{"line":115,"column":53},"end":{"line":115,"column":57}}],"line":115},"23":{"loc":{"start":{"line":116,"column":25},"end":{"line":116,"column":90}},"type":"binary-expr","locations":[{"start":{"line":116,"column":25},"end":{"line":116,"column":40}},{"start":{"line":116,"column":44},"end":{"line":116,"column":61}},{"start":{"line":116,"column":65},"end":{"line":116,"column":82}},{"start":{"line":116,"column":86},"end":{"line":116,"column":90}}],"line":116},"24":{"loc":{"start":{"line":117,"column":18},"end":{"line":117,"column":43}},"type":"binary-expr","locations":[{"start":{"line":117,"column":18},"end":{"line":117,"column":35}},{"start":{"line":117,"column":39},"end":{"line":117,"column":43}}],"line":117},"25":{"loc":{"start":{"line":118,"column":18},"end":{"line":118,"column":43}},"type":"binary-expr","locations":[{"start":{"line":118,"column":18},"end":{"line":118,"column":35}},{"start":{"line":118,"column":39},"end":{"line":118,"column":43}}],"line":118},"26":{"loc":{"start":{"line":119,"column":17},"end":{"line":119,"column":41}},"type":"binary-expr","locations":[{"start":{"line":119,"column":17},"end":{"line":119,"column":33}},{"start":{"line":119,"column":37},"end":{"line":119,"column":41}}],"line":119},"27":{"loc":{"start":{"line":120,"column":16},"end":{"line":120,"column":39}},"type":"binary-expr","locations":[{"start":{"line":120,"column":16},"end":{"line":120,"column":31}},{"start":{"line":120,"column":35},"end":{"line":120,"column":39}}],"line":120},"28":{"loc":{"start":{"line":121,"column":13},"end":{"line":121,"column":31}},"type":"binary-expr","locations":[{"start":{"line":121,"column":13},"end":{"line":121,"column":23}},{"start":{"line":121,"column":27},"end":{"line":121,"column":31}}],"line":121},"29":{"loc":{"start":{"line":122,"column":28},"end":{"line":122,"column":79}},"type":"binary-expr","locations":[{"start":{"line":122,"column":28},"end":{"line":122,"column":48}},{"start":{"line":122,"column":52},"end":{"line":122,"column":71}},{"start":{"line":122,"column":75},"end":{"line":122,"column":79}}],"line":122},"30":{"loc":{"start":{"line":123,"column":26},"end":{"line":123,"column":93}},"type":"binary-expr","locations":[{"start":{"line":123,"column":26},"end":{"line":123,"column":48}},{"start":{"line":123,"column":52},"end":{"line":123,"column":85}},{"start":{"line":123,"column":89},"end":{"line":123,"column":93}}],"line":123},"31":{"loc":{"start":{"line":124,"column":23},"end":{"line":124,"column":63}},"type":"binary-expr","locations":[{"start":{"line":124,"column":23},"end":{"line":124,"column":55}},{"start":{"line":124,"column":59},"end":{"line":124,"column":63}}],"line":124},"32":{"loc":{"start":{"line":125,"column":22},"end":{"line":125,"column":92}},"type":"binary-expr","locations":[{"start":{"line":125,"column":22},"end":{"line":125,"column":42}},{"start":{"line":125,"column":46},"end":{"line":125,"column":84}},{"start":{"line":125,"column":88},"end":{"line":125,"column":92}}],"line":125},"33":{"loc":{"start":{"line":126,"column":19},"end":{"line":126,"column":73}},"type":"binary-expr","locations":[{"start":{"line":126,"column":19},"end":{"line":126,"column":43}},{"start":{"line":126,"column":47},"end":{"line":126,"column":65}},{"start":{"line":126,"column":69},"end":{"line":126,"column":73}}],"line":126},"34":{"loc":{"start":{"line":127,"column":22},"end":{"line":127,"column":54}},"type":"binary-expr","locations":[{"start":{"line":127,"column":22},"end":{"line":127,"column":46}},{"start":{"line":127,"column":50},"end":{"line":127,"column":54}}],"line":127},"35":{"loc":{"start":{"line":128,"column":8},"end":{"line":128,"column":31}},"type":"binary-expr","locations":[{"start":{"line":128,"column":8},"end":{"line":128,"column":23}},{"start":{"line":128,"column":27},"end":{"line":128,"column":31}}],"line":128},"36":{"loc":{"start":{"line":129,"column":25},"end":{"line":129,"column":49}},"type":"binary-expr","locations":[{"start":{"line":129,"column":25},"end":{"line":129,"column":41}},{"start":{"line":129,"column":45},"end":{"line":129,"column":49}}],"line":129},"37":{"loc":{"start":{"line":140,"column":15},"end":{"line":140,"column":34}},"type":"binary-expr","locations":[{"start":{"line":140,"column":15},"end":{"line":140,"column":27}},{"start":{"line":140,"column":31},"end":{"line":140,"column":34}}],"line":140},"38":{"loc":{"start":{"line":147,"column":4},"end":{"line":149,"column":5}},"type":"if","locations":[{"start":{"line":147,"column":4},"end":{"line":149,"column":5}},{"start":{},"end":{}}],"line":147},"39":{"loc":{"start":{"line":147,"column":8},"end":{"line":147,"column":64}},"type":"binary-expr","locations":[{"start":{"line":147,"column":8},"end":{"line":147,"column":29}},{"start":{"line":147,"column":33},"end":{"line":147,"column":64}}],"line":147},"40":{"loc":{"start":{"line":159,"column":15},"end":{"line":159,"column":34}},"type":"binary-expr","locations":[{"start":{"line":159,"column":15},"end":{"line":159,"column":27}},{"start":{"line":159,"column":31},"end":{"line":159,"column":34}}],"line":159}},"s":{"0":16,"1":16,"2":16,"3":16,"4":10,"5":7,"6":3,"7":0,"8":3,"9":2,"10":2,"11":1,"12":1,"13":1,"14":1,"15":0,"16":1,"17":1,"18":15,"19":15,"20":15,"21":3,"22":3,"23":3,"24":12,"25":15,"26":12,"27":12,"28":12,"29":3,"30":0,"31":3,"32":3,"33":3,"34":9,"35":5,"36":5,"37":5,"38":5,"39":9,"40":9,"41":5,"42":4,"43":5,"44":9,"45":53,"46":0,"47":53,"48":45,"49":5,"50":16,"51":4,"52":4,"53":2,"54":2,"55":2,"56":16,"57":11,"58":11,"59":11,"60":1,"61":10,"62":8,"63":5,"64":5,"65":5,"66":5,"67":5},"f":{"0":10,"1":15,"2":15,"3":0,"4":5,"5":4,"6":11},"b":{"0":[7,3],"1":[0,3],"2":[2,0],"3":[1,1],"4":[0,1],"5":[3,12],"6":[15,12],"7":[0,12],"8":[3,9],"9":[3,2],"10":[5,0],"11":[9,0],"12":[5,4],"13":[9,4],"14":[0,53],"15":[53,53],"16":[45,8],"17":[5,0],"18":[5,0],"19":[5,5],"20":[5,5],"21":[5,5],"22":[5,5],"23":[5,5,5,5],"24":[5,5],"25":[5,5],"26":[5,5],"27":[5,5],"28":[5,0],"29":[5,1,1],"30":[5,0,0],"31":[5,5],"32":[5,1,1],"33":[5,1,1],"34":[5,5],"35":[5,0],"36":[5,1],"37":[2,0],"38":[1,10],"39":[11,1],"40":[5,0]},"_coverageSchema":"1a1c01bbd47fc00a2c39e90264f33305004495a9","hash":"928079b382cd67a41f0de79a3be988cf99158de0"}
,"C:\\Users\\gadie\\OneDrive\\Documentos\\GitHub\\sedir-web-2026\\backend\\src\\controllers\\contacto.controller.js": {"path":"C:\\Users\\gadie\\OneDrive\\Documentos\\GitHub\\sedir-web-2026\\backend\\src\\controllers\\contacto.controller.js","statementMap":{"0":{"start":{"line":1,"column":13},"end":{"line":1,"column":42}},"1":{"start":{"line":4,"column":2},"end":{"line":8,"column":34}},"2":{"start":{"line":12,"column":2},"end":{"line":12,"column":50}},"3":{"start":{"line":16,"column":2},"end":{"line":19,"column":5}},"4":{"start":{"line":17,"column":18},"end":{"line":17,"column":32}},"5":{"start":{"line":18,"column":4},"end":{"line":18,"column":80}},"6":{"start":{"line":23,"column":2},"end":{"line":90,"column":3}},"7":{"start":{"line":24,"column":26},"end":{"line":24,"column":85}},"8":{"start":{"line":26,"column":4},"end":{"line":31,"column":5}},"9":{"start":{"line":27,"column":6},"end":{"line":30,"column":9}},"10":{"start":{"line":33,"column":21},"end":{"line":39,"column":5}},"11":{"start":{"line":41,"column":4},"end":{"line":45,"column":5}},"12":{"start":{"line":42,"column":6},"end":{"line":44,"column":9}},"13":{"start":{"line":47,"column":4},"end":{"line":51,"column":5}},"14":{"start":{"line":48,"column":6},"end":{"line":50,"column":9}},"15":{"start":{"line":53,"column":19},"end":{"line":80,"column":5}},"16":{"start":{"line":82,"column":4},"end":{"line":85,"column":7}},"17":{"start":{"line":87,"column":4},"end":{"line":89,"column":7}},"18":{"start":{"line":93,"column":0},"end":{"line":95,"column":2}}},"fnMap":{"0":{"name":"sanitizeText","decl":{"start":{"line":3,"column":9},"end":{"line":3,"column":21}},"loc":{"start":{"line":3,"column":29},"end":{"line":9,"column":1}},"line":3},"1":{"name":"isValidEmail","decl":{"start":{"line":11,"column":9},"end":{"line":11,"column":21}},"loc":{"start":{"line":11,"column":29},"end":{"line":13,"column":1}},"line":11},"2":{"name":"getMissingFields","decl":{"start":{"line":15,"column":9},"end":{"line":15,"column":25}},"loc":{"start":{"line":15,"column":51},"end":{"line":20,"column":1}},"line":15},"3":{"name":"(anonymous_3)","decl":{"start":{"line":16,"column":31},"end":{"line":16,"column":32}},"loc":{"start":{"line":16,"column":42},"end":{"line":19,"column":3}},"line":16},"4":{"name":"crearContacto","decl":{"start":{"line":22,"column":15},"end":{"line":22,"column":28}},"loc":{"start":{"line":22,"column":39},"end":{"line":91,"column":1}},"line":22}},"branchMap":{"0":{"loc":{"start":{"line":4,"column":16},"end":{"line":4,"column":27}},"type":"binary-expr","locations":[{"start":{"line":4,"column":16},"end":{"line":4,"column":21}},{"start":{"line":4,"column":25},"end":{"line":4,"column":27}}],"line":4},"1":{"loc":{"start":{"line":18,"column":11},"end":{"line":18,"column":79}},"type":"binary-expr","locations":[{"start":{"line":18,"column":11},"end":{"line":18,"column":30}},{"start":{"line":18,"column":34},"end":{"line":18,"column":48}},{"start":{"line":18,"column":52},"end":{"line":18,"column":79}}],"line":18},"2":{"loc":{"start":{"line":26,"column":4},"end":{"line":31,"column":5}},"type":"if","locations":[{"start":{"line":26,"column":4},"end":{"line":31,"column":5}},{"start":{},"end":{}}],"line":26},"3":{"loc":{"start":{"line":36,"column":16},"end":{"line":36,"column":68}},"type":"binary-expr","locations":[{"start":{"line":36,"column":16},"end":{"line":36,"column":60}},{"start":{"line":36,"column":64},"end":{"line":36,"column":68}}],"line":36},"4":{"loc":{"start":{"line":37,"column":14},"end":{"line":37,"column":65}},"type":"binary-expr","locations":[{"start":{"line":37,"column":14},"end":{"line":37,"column":57}},{"start":{"line":37,"column":61},"end":{"line":37,"column":65}}],"line":37},"5":{"loc":{"start":{"line":41,"column":4},"end":{"line":45,"column":5}},"type":"if","locations":[{"start":{"line":41,"column":4},"end":{"line":45,"column":5}},{"start":{},"end":{}}],"line":41},"6":{"loc":{"start":{"line":47,"column":4},"end":{"line":51,"column":5}},"type":"if","locations":[{"start":{"line":47,"column":4},"end":{"line":51,"column":5}},{"start":{},"end":{}}],"line":47}},"s":{"0":6,"1":0,"2":0,"3":0,"4":0,"5":0,"6":0,"7":0,"8":0,"9":0,"10":0,"11":0,"12":0,"13":0,"14":0,"15":0,"16":0,"17":0,"18":6},"f":{"0":0,"1":0,"2":0,"3":0,"4":0},"b":{"0":[0,0],"1":[0,0,0],"2":[0,0],"3":[0,0],"4":[0,0],"5":[0,0],"6":[0,0]},"_coverageSchema":"1a1c01bbd47fc00a2c39e90264f33305004495a9","hash":"365b971f3ebf57c785e713944e1a2d377b29f866"}
,"C:\\Users\\gadie\\OneDrive\\Documentos\\GitHub\\sedir-web-2026\\backend\\src\\controllers\\noticia.controller.js": {"path":"C:\\Users\\gadie\\OneDrive\\Documentos\\GitHub\\sedir-web-2026\\backend\\src\\controllers\\noticia.controller.js","statementMap":{"0":{"start":{"line":1,"column":13},"end":{"line":1,"column":42}},"1":{"start":{"line":4,"column":2},"end":{"line":7,"column":5}},"2":{"start":{"line":5,"column":18},"end":{"line":5,"column":32}},"3":{"start":{"line":6,"column":4},"end":{"line":6,"column":80}},"4":{"start":{"line":11,"column":21},"end":{"line":11,"column":47}},"5":{"start":{"line":13,"column":2},"end":{"line":15,"column":3}},"6":{"start":{"line":14,"column":4},"end":{"line":14,"column":16}},"7":{"start":{"line":17,"column":17},"end":{"line":17,"column":35}},"8":{"start":{"line":19,"column":2},"end":{"line":21,"column":3}},"9":{"start":{"line":20,"column":4},"end":{"line":20,"column":16}},"10":{"start":{"line":23,"column":2},"end":{"line":23,"column":16}},"11":{"start":{"line":27,"column":2},"end":{"line":31,"column":34}},"12":{"start":{"line":35,"column":2},"end":{"line":59,"column":3}},"13":{"start":{"line":36,"column":19},"end":{"line":52,"column":6}},"14":{"start":{"line":54,"column":4},"end":{"line":54,"column":26}},"15":{"start":{"line":56,"column":4},"end":{"line":58,"column":7}},"16":{"start":{"line":63,"column":2},"end":{"line":104,"column":3}},"17":{"start":{"line":64,"column":15},"end":{"line":64,"column":50}},"18":{"start":{"line":66,"column":4},"end":{"line":70,"column":5}},"19":{"start":{"line":67,"column":6},"end":{"line":69,"column":9}},"20":{"start":{"line":72,"column":19},"end":{"line":91,"column":5}},"21":{"start":{"line":93,"column":4},"end":{"line":97,"column":5}},"22":{"start":{"line":94,"column":6},"end":{"line":96,"column":9}},"23":{"start":{"line":99,"column":4},"end":{"line":99,"column":29}},"24":{"start":{"line":101,"column":4},"end":{"line":103,"column":7}},"25":{"start":{"line":108,"column":2},"end":{"line":177,"column":3}},"26":{"start":{"line":109,"column":24},"end":{"line":109,"column":61}},"27":{"start":{"line":110,"column":26},"end":{"line":117,"column":6}},"28":{"start":{"line":119,"column":4},"end":{"line":124,"column":5}},"29":{"start":{"line":120,"column":6},"end":{"line":123,"column":9}},"30":{"start":{"line":126,"column":4},"end":{"line":130,"column":5}},"31":{"start":{"line":127,"column":6},"end":{"line":129,"column":9}},"32":{"start":{"line":132,"column":20},"end":{"line":138,"column":5}},"33":{"start":{"line":140,"column":19},"end":{"line":170,"column":5}},"34":{"start":{"line":172,"column":4},"end":{"line":172,"column":41}},"35":{"start":{"line":174,"column":4},"end":{"line":176,"column":7}},"36":{"start":{"line":181,"column":2},"end":{"line":263,"column":3}},"37":{"start":{"line":182,"column":15},"end":{"line":182,"column":50}},"38":{"start":{"line":183,"column":24},"end":{"line":183,"column":61}},"39":{"start":{"line":184,"column":26},"end":{"line":191,"column":6}},"40":{"start":{"line":193,"column":4},"end":{"line":198,"column":5}},"41":{"start":{"line":194,"column":6},"end":{"line":197,"column":9}},"42":{"start":{"line":200,"column":4},"end":{"line":204,"column":5}},"43":{"start":{"line":201,"column":6},"end":{"line":203,"column":9}},"44":{"start":{"line":206,"column":4},"end":{"line":210,"column":5}},"45":{"start":{"line":207,"column":6},"end":{"line":209,"column":9}},"46":{"start":{"line":212,"column":20},"end":{"line":218,"column":5}},"47":{"start":{"line":220,"column":19},"end":{"line":250,"column":5}},"48":{"start":{"line":252,"column":4},"end":{"line":256,"column":5}},"49":{"start":{"line":253,"column":6},"end":{"line":255,"column":9}},"50":{"start":{"line":258,"column":4},"end":{"line":258,"column":29}},"51":{"start":{"line":260,"column":4},"end":{"line":262,"column":7}},"52":{"start":{"line":267,"column":2},"end":{"line":308,"column":3}},"53":{"start":{"line":268,"column":15},"end":{"line":268,"column":50}},"54":{"start":{"line":270,"column":4},"end":{"line":274,"column":5}},"55":{"start":{"line":271,"column":6},"end":{"line":273,"column":9}},"56":{"start":{"line":276,"column":19},"end":{"line":292,"column":5}},"57":{"start":{"line":294,"column":4},"end":{"line":298,"column":5}},"58":{"start":{"line":295,"column":6},"end":{"line":297,"column":9}},"59":{"start":{"line":300,"column":4},"end":{"line":303,"column":7}},"60":{"start":{"line":305,"column":4},"end":{"line":307,"column":7}},"61":{"start":{"line":311,"column":0},"end":{"line":317,"column":2}}},"fnMap":{"0":{"name":"getMissingFields","decl":{"start":{"line":3,"column":9},"end":{"line":3,"column":25}},"loc":{"start":{"line":3,"column":51},"end":{"line":8,"column":1}},"line":3},"1":{"name":"(anonymous_1)","decl":{"start":{"line":4,"column":31},"end":{"line":4,"column":32}},"loc":{"start":{"line":4,"column":42},"end":{"line":7,"column":3}},"line":4},"2":{"name":"parsePositiveInteger","decl":{"start":{"line":10,"column":9},"end":{"line":10,"column":29}},"loc":{"start":{"line":10,"column":37},"end":{"line":24,"column":1}},"line":10},"3":{"name":"sanitizeText","decl":{"start":{"line":26,"column":9},"end":{"line":26,"column":21}},"loc":{"start":{"line":26,"column":29},"end":{"line":32,"column":1}},"line":26},"4":{"name":"obtenerNoticias","decl":{"start":{"line":34,"column":15},"end":{"line":34,"column":30}},"loc":{"start":{"line":34,"column":41},"end":{"line":60,"column":1}},"line":34},"5":{"name":"obtenerNoticiaPorId","decl":{"start":{"line":62,"column":15},"end":{"line":62,"column":34}},"loc":{"start":{"line":62,"column":45},"end":{"line":105,"column":1}},"line":62},"6":{"name":"crearNoticia","decl":{"start":{"line":107,"column":15},"end":{"line":107,"column":27}},"loc":{"start":{"line":107,"column":38},"end":{"line":178,"column":1}},"line":107},"7":{"name":"actualizarNoticia","decl":{"start":{"line":180,"column":15},"end":{"line":180,"column":32}},"loc":{"start":{"line":180,"column":43},"end":{"line":264,"column":1}},"line":180},"8":{"name":"eliminarNoticia","decl":{"start":{"line":266,"column":15},"end":{"line":266,"column":30}},"loc":{"start":{"line":266,"column":41},"end":{"line":309,"column":1}},"line":266}},"branchMap":{"0":{"loc":{"start":{"line":6,"column":11},"end":{"line":6,"column":79}},"type":"binary-expr","locations":[{"start":{"line":6,"column":11},"end":{"line":6,"column":30}},{"start":{"line":6,"column":34},"end":{"line":6,"column":48}},{"start":{"line":6,"column":52},"end":{"line":6,"column":79}}],"line":6},"1":{"loc":{"start":{"line":11,"column":28},"end":{"line":11,"column":39}},"type":"binary-expr","locations":[{"start":{"line":11,"column":28},"end":{"line":11,"column":33}},{"start":{"line":11,"column":37},"end":{"line":11,"column":39}}],"line":11},"2":{"loc":{"start":{"line":13,"column":2},"end":{"line":15,"column":3}},"type":"if","locations":[{"start":{"line":13,"column":2},"end":{"line":15,"column":3}},{"start":{},"end":{}}],"line":13},"3":{"loc":{"start":{"line":19,"column":2},"end":{"line":21,"column":3}},"type":"if","locations":[{"start":{"line":19,"column":2},"end":{"line":21,"column":3}},{"start":{},"end":{}}],"line":19},"4":{"loc":{"start":{"line":19,"column":6},"end":{"line":19,"column":50}},"type":"binary-expr","locations":[{"start":{"line":19,"column":6},"end":{"line":19,"column":35}},{"start":{"line":19,"column":39},"end":{"line":19,"column":50}}],"line":19},"5":{"loc":{"start":{"line":27,"column":16},"end":{"line":27,"column":27}},"type":"binary-expr","locations":[{"start":{"line":27,"column":16},"end":{"line":27,"column":21}},{"start":{"line":27,"column":25},"end":{"line":27,"column":27}}],"line":27},"6":{"loc":{"start":{"line":66,"column":4},"end":{"line":70,"column":5}},"type":"if","locations":[{"start":{"line":66,"column":4},"end":{"line":70,"column":5}},{"start":{},"end":{}}],"line":66},"7":{"loc":{"start":{"line":93,"column":4},"end":{"line":97,"column":5}},"type":"if","locations":[{"start":{"line":93,"column":4},"end":{"line":97,"column":5}},{"start":{},"end":{}}],"line":93},"8":{"loc":{"start":{"line":119,"column":4},"end":{"line":124,"column":5}},"type":"if","locations":[{"start":{"line":119,"column":4},"end":{"line":124,"column":5}},{"start":{},"end":{}}],"line":119},"9":{"loc":{"start":{"line":126,"column":4},"end":{"line":130,"column":5}},"type":"if","locations":[{"start":{"line":126,"column":4},"end":{"line":130,"column":5}},{"start":{},"end":{}}],"line":126},"10":{"loc":{"start":{"line":193,"column":4},"end":{"line":198,"column":5}},"type":"if","locations":[{"start":{"line":193,"column":4},"end":{"line":198,"column":5}},{"start":{},"end":{}}],"line":193},"11":{"loc":{"start":{"line":200,"column":4},"end":{"line":204,"column":5}},"type":"if","locations":[{"start":{"line":200,"column":4},"end":{"line":204,"column":5}},{"start":{},"end":{}}],"line":200},"12":{"loc":{"start":{"line":206,"column":4},"end":{"line":210,"column":5}},"type":"if","locations":[{"start":{"line":206,"column":4},"end":{"line":210,"column":5}},{"start":{},"end":{}}],"line":206},"13":{"loc":{"start":{"line":252,"column":4},"end":{"line":256,"column":5}},"type":"if","locations":[{"start":{"line":252,"column":4},"end":{"line":256,"column":5}},{"start":{},"end":{}}],"line":252},"14":{"loc":{"start":{"line":270,"column":4},"end":{"line":274,"column":5}},"type":"if","locations":[{"start":{"line":270,"column":4},"end":{"line":274,"column":5}},{"start":{},"end":{}}],"line":270},"15":{"loc":{"start":{"line":294,"column":4},"end":{"line":298,"column":5}},"type":"if","locations":[{"start":{"line":294,"column":4},"end":{"line":298,"column":5}},{"start":{},"end":{}}],"line":294}},"s":{"0":6,"1":0,"2":0,"3":0,"4":0,"5":0,"6":0,"7":0,"8":0,"9":0,"10":0,"11":0,"12":0,"13":0,"14":0,"15":0,"16":0,"17":0,"18":0,"19":0,"20":0,"21":0,"22":0,"23":0,"24":0,"25":0,"26":0,"27":0,"28":0,"29":0,"30":0,"31":0,"32":0,"33":0,"34":0,"35":0,"36":0,"37":0,"38":0,"39":0,"40":0,"41":0,"42":0,"43":0,"44":0,"45":0,"46":0,"47":0,"48":0,"49":0,"50":0,"51":0,"52":0,"53":0,"54":0,"55":0,"56":0,"57":0,"58":0,"59":0,"60":0,"61":6},"f":{"0":0,"1":0,"2":0,"3":0,"4":0,"5":0,"6":0,"7":0,"8":0},"b":{"0":[0,0,0],"1":[0,0],"2":[0,0],"3":[0,0],"4":[0,0],"5":[0,0],"6":[0,0],"7":[0,0],"8":[0,0],"9":[0,0],"10":[0,0],"11":[0,0],"12":[0,0],"13":[0,0],"14":[0,0],"15":[0,0]},"_coverageSchema":"1a1c01bbd47fc00a2c39e90264f33305004495a9","hash":"73fd1f7147ec4e88d4b3bded48c5d5b931f386e9"}
,"C:\\Users\\gadie\\OneDrive\\Documentos\\GitHub\\sedir-web-2026\\backend\\src\\controllers\\producto.controller.js": {"path":"C:\\Users\\gadie\\OneDrive\\Documentos\\GitHub\\sedir-web-2026\\backend\\src\\controllers\\producto.controller.js","statementMap":{"0":{"start":{"line":1,"column":13},"end":{"line":1,"column":42}},"1":{"start":{"line":4,"column":2},"end":{"line":7,"column":5}},"2":{"start":{"line":5,"column":18},"end":{"line":5,"column":32}},"3":{"start":{"line":6,"column":4},"end":{"line":6,"column":80}},"4":{"start":{"line":11,"column":21},"end":{"line":11,"column":47}},"5":{"start":{"line":13,"column":2},"end":{"line":15,"column":3}},"6":{"start":{"line":14,"column":4},"end":{"line":14,"column":16}},"7":{"start":{"line":17,"column":17},"end":{"line":17,"column":35}},"8":{"start":{"line":19,"column":2},"end":{"line":21,"column":3}},"9":{"start":{"line":20,"column":4},"end":{"line":20,"column":16}},"10":{"start":{"line":23,"column":2},"end":{"line":23,"column":16}},"11":{"start":{"line":27,"column":2},"end":{"line":31,"column":34}},"12":{"start":{"line":35,"column":2},"end":{"line":65,"column":3}},"13":{"start":{"line":36,"column":19},"end":{"line":58,"column":6}},"14":{"start":{"line":60,"column":4},"end":{"line":60,"column":26}},"15":{"start":{"line":62,"column":4},"end":{"line":64,"column":7}},"16":{"start":{"line":69,"column":2},"end":{"line":173,"column":3}},"17":{"start":{"line":70,"column":24},"end":{"line":70,"column":62}},"18":{"start":{"line":71,"column":26},"end":{"line":76,"column":6}},"19":{"start":{"line":78,"column":4},"end":{"line":83,"column":5}},"20":{"start":{"line":79,"column":6},"end":{"line":82,"column":9}},"21":{"start":{"line":85,"column":4},"end":{"line":89,"column":5}},"22":{"start":{"line":86,"column":6},"end":{"line":88,"column":9}},"23":{"start":{"line":91,"column":21},"end":{"line":95,"column":5}},"24":{"start":{"line":97,"column":19},"end":{"line":121,"column":5}},"25":{"start":{"line":123,"column":26},"end":{"line":123,"column":40}},"26":{"start":{"line":126,"column":15},"end":{"line":126,"column":39}},"27":{"start":{"line":127,"column":4},"end":{"line":129,"column":5}},"28":{"start":{"line":128,"column":6},"end":{"line":128,"column":64}},"29":{"start":{"line":128,"column":38},"end":{"line":128,"column":46}},"30":{"start":{"line":131,"column":4},"end":{"line":141,"column":5}},"31":{"start":{"line":132,"column":6},"end":{"line":140,"column":7}},"32":{"start":{"line":133,"column":8},"end":{"line":139,"column":10}},"33":{"start":{"line":144,"column":24},"end":{"line":166,"column":5}},"34":{"start":{"line":168,"column":4},"end":{"line":168,"column":46}},"35":{"start":{"line":170,"column":4},"end":{"line":172,"column":7}},"36":{"start":{"line":177,"column":2},"end":{"line":296,"column":3}},"37":{"start":{"line":178,"column":15},"end":{"line":178,"column":50}},"38":{"start":{"line":179,"column":24},"end":{"line":179,"column":62}},"39":{"start":{"line":180,"column":26},"end":{"line":185,"column":6}},"40":{"start":{"line":187,"column":4},"end":{"line":192,"column":5}},"41":{"start":{"line":188,"column":6},"end":{"line":191,"column":9}},"42":{"start":{"line":194,"column":4},"end":{"line":198,"column":5}},"43":{"start":{"line":195,"column":6},"end":{"line":197,"column":9}},"44":{"start":{"line":200,"column":4},"end":{"line":204,"column":5}},"45":{"start":{"line":201,"column":6},"end":{"line":203,"column":9}},"46":{"start":{"line":206,"column":21},"end":{"line":210,"column":5}},"47":{"start":{"line":212,"column":19},"end":{"line":238,"column":5}},"48":{"start":{"line":240,"column":4},"end":{"line":244,"column":5}},"49":{"start":{"line":241,"column":6},"end":{"line":243,"column":9}},"50":{"start":{"line":247,"column":4},"end":{"line":247,"column":83}},"51":{"start":{"line":249,"column":15},"end":{"line":249,"column":39}},"52":{"start":{"line":250,"column":4},"end":{"line":252,"column":5}},"53":{"start":{"line":251,"column":6},"end":{"line":251,"column":64}},"54":{"start":{"line":251,"column":38},"end":{"line":251,"column":46}},"55":{"start":{"line":254,"column":4},"end":{"line":264,"column":5}},"56":{"start":{"line":255,"column":6},"end":{"line":263,"column":7}},"57":{"start":{"line":256,"column":8},"end":{"line":262,"column":10}},"58":{"start":{"line":267,"column":24},"end":{"line":289,"column":5}},"59":{"start":{"line":291,"column":4},"end":{"line":291,"column":34}},"60":{"start":{"line":293,"column":4},"end":{"line":295,"column":7}},"61":{"start":{"line":300,"column":2},"end":{"line":339,"column":3}},"62":{"start":{"line":301,"column":15},"end":{"line":301,"column":50}},"63":{"start":{"line":303,"column":4},"end":{"line":307,"column":5}},"64":{"start":{"line":304,"column":6},"end":{"line":306,"column":9}},"65":{"start":{"line":309,"column":19},"end":{"line":323,"column":5}},"66":{"start":{"line":325,"column":4},"end":{"line":329,"column":5}},"67":{"start":{"line":326,"column":6},"end":{"line":328,"column":9}},"68":{"start":{"line":331,"column":4},"end":{"line":334,"column":7}},"69":{"start":{"line":336,"column":4},"end":{"line":338,"column":7}},"70":{"start":{"line":342,"column":0},"end":{"line":347,"column":2}}},"fnMap":{"0":{"name":"getMissingFields","decl":{"start":{"line":3,"column":9},"end":{"line":3,"column":25}},"loc":{"start":{"line":3,"column":51},"end":{"line":8,"column":1}},"line":3},"1":{"name":"(anonymous_1)","decl":{"start":{"line":4,"column":31},"end":{"line":4,"column":32}},"loc":{"start":{"line":4,"column":42},"end":{"line":7,"column":3}},"line":4},"2":{"name":"parsePositiveInteger","decl":{"start":{"line":10,"column":9},"end":{"line":10,"column":29}},"loc":{"start":{"line":10,"column":37},"end":{"line":24,"column":1}},"line":10},"3":{"name":"sanitizeText","decl":{"start":{"line":26,"column":9},"end":{"line":26,"column":21}},"loc":{"start":{"line":26,"column":29},"end":{"line":32,"column":1}},"line":26},"4":{"name":"obtenerProductos","decl":{"start":{"line":34,"column":15},"end":{"line":34,"column":31}},"loc":{"start":{"line":34,"column":42},"end":{"line":66,"column":1}},"line":34},"5":{"name":"crearProducto","decl":{"start":{"line":68,"column":15},"end":{"line":68,"column":28}},"loc":{"start":{"line":68,"column":39},"end":{"line":174,"column":1}},"line":68},"6":{"name":"(anonymous_6)","decl":{"start":{"line":128,"column":33},"end":{"line":128,"column":34}},"loc":{"start":{"line":128,"column":38},"end":{"line":128,"column":46}},"line":128},"7":{"name":"actualizarProducto","decl":{"start":{"line":176,"column":15},"end":{"line":176,"column":33}},"loc":{"start":{"line":176,"column":44},"end":{"line":297,"column":1}},"line":176},"8":{"name":"(anonymous_8)","decl":{"start":{"line":251,"column":33},"end":{"line":251,"column":34}},"loc":{"start":{"line":251,"column":38},"end":{"line":251,"column":46}},"line":251},"9":{"name":"eliminarProducto","decl":{"start":{"line":299,"column":15},"end":{"line":299,"column":31}},"loc":{"start":{"line":299,"column":42},"end":{"line":340,"column":1}},"line":299}},"branchMap":{"0":{"loc":{"start":{"line":6,"column":11},"end":{"line":6,"column":79}},"type":"binary-expr","locations":[{"start":{"line":6,"column":11},"end":{"line":6,"column":30}},{"start":{"line":6,"column":34},"end":{"line":6,"column":48}},{"start":{"line":6,"column":52},"end":{"line":6,"column":79}}],"line":6},"1":{"loc":{"start":{"line":11,"column":28},"end":{"line":11,"column":39}},"type":"binary-expr","locations":[{"start":{"line":11,"column":28},"end":{"line":11,"column":33}},{"start":{"line":11,"column":37},"end":{"line":11,"column":39}}],"line":11},"2":{"loc":{"start":{"line":13,"column":2},"end":{"line":15,"column":3}},"type":"if","locations":[{"start":{"line":13,"column":2},"end":{"line":15,"column":3}},{"start":{},"end":{}}],"line":13},"3":{"loc":{"start":{"line":19,"column":2},"end":{"line":21,"column":3}},"type":"if","locations":[{"start":{"line":19,"column":2},"end":{"line":21,"column":3}},{"start":{},"end":{}}],"line":19},"4":{"loc":{"start":{"line":19,"column":6},"end":{"line":19,"column":50}},"type":"binary-expr","locations":[{"start":{"line":19,"column":6},"end":{"line":19,"column":35}},{"start":{"line":19,"column":39},"end":{"line":19,"column":50}}],"line":19},"5":{"loc":{"start":{"line":27,"column":16},"end":{"line":27,"column":27}},"type":"binary-expr","locations":[{"start":{"line":27,"column":16},"end":{"line":27,"column":21}},{"start":{"line":27,"column":25},"end":{"line":27,"column":27}}],"line":27},"6":{"loc":{"start":{"line":78,"column":4},"end":{"line":83,"column":5}},"type":"if","locations":[{"start":{"line":78,"column":4},"end":{"line":83,"column":5}},{"start":{},"end":{}}],"line":78},"7":{"loc":{"start":{"line":85,"column":4},"end":{"line":89,"column":5}},"type":"if","locations":[{"start":{"line":85,"column":4},"end":{"line":89,"column":5}},{"start":{},"end":{}}],"line":85},"8":{"loc":{"start":{"line":126,"column":15},"end":{"line":126,"column":39}},"type":"binary-expr","locations":[{"start":{"line":126,"column":15},"end":{"line":126,"column":33}},{"start":{"line":126,"column":37},"end":{"line":126,"column":39}}],"line":126},"9":{"loc":{"start":{"line":127,"column":4},"end":{"line":129,"column":5}},"type":"if","locations":[{"start":{"line":127,"column":4},"end":{"line":129,"column":5}},{"start":{},"end":{}}],"line":127},"10":{"loc":{"start":{"line":131,"column":4},"end":{"line":141,"column":5}},"type":"if","locations":[{"start":{"line":131,"column":4},"end":{"line":141,"column":5}},{"start":{},"end":{}}],"line":131},"11":{"loc":{"start":{"line":131,"column":8},"end":{"line":131,"column":46}},"type":"binary-expr","locations":[{"start":{"line":131,"column":8},"end":{"line":131,"column":27}},{"start":{"line":131,"column":31},"end":{"line":131,"column":46}}],"line":131},"12":{"loc":{"start":{"line":187,"column":4},"end":{"line":192,"column":5}},"type":"if","locations":[{"start":{"line":187,"column":4},"end":{"line":192,"column":5}},{"start":{},"end":{}}],"line":187},"13":{"loc":{"start":{"line":194,"column":4},"end":{"line":198,"column":5}},"type":"if","locations":[{"start":{"line":194,"column":4},"end":{"line":198,"column":5}},{"start":{},"end":{}}],"line":194},"14":{"loc":{"start":{"line":200,"column":4},"end":{"line":204,"column":5}},"type":"if","locations":[{"start":{"line":200,"column":4},"end":{"line":204,"column":5}},{"start":{},"end":{}}],"line":200},"15":{"loc":{"start":{"line":240,"column":4},"end":{"line":244,"column":5}},"type":"if","locations":[{"start":{"line":240,"column":4},"end":{"line":244,"column":5}},{"start":{},"end":{}}],"line":240},"16":{"loc":{"start":{"line":249,"column":15},"end":{"line":249,"column":39}},"type":"binary-expr","locations":[{"start":{"line":249,"column":15},"end":{"line":249,"column":33}},{"start":{"line":249,"column":37},"end":{"line":249,"column":39}}],"line":249},"17":{"loc":{"start":{"line":250,"column":4},"end":{"line":252,"column":5}},"type":"if","locations":[{"start":{"line":250,"column":4},"end":{"line":252,"column":5}},{"start":{},"end":{}}],"line":250},"18":{"loc":{"start":{"line":254,"column":4},"end":{"line":264,"column":5}},"type":"if","locations":[{"start":{"line":254,"column":4},"end":{"line":264,"column":5}},{"start":{},"end":{}}],"line":254},"19":{"loc":{"start":{"line":254,"column":8},"end":{"line":254,"column":46}},"type":"binary-expr","locations":[{"start":{"line":254,"column":8},"end":{"line":254,"column":27}},{"start":{"line":254,"column":31},"end":{"line":254,"column":46}}],"line":254},"20":{"loc":{"start":{"line":303,"column":4},"end":{"line":307,"column":5}},"type":"if","locations":[{"start":{"line":303,"column":4},"end":{"line":307,"column":5}},{"start":{},"end":{}}],"line":303},"21":{"loc":{"start":{"line":325,"column":4},"end":{"line":329,"column":5}},"type":"if","locations":[{"start":{"line":325,"column":4},"end":{"line":329,"column":5}},{"start":{},"end":{}}],"line":325}},"s":{"0":6,"1":0,"2":0,"3":0,"4":0,"5":0,"6":0,"7":0,"8":0,"9":0,"10":0,"11":0,"12":0,"13":0,"14":0,"15":0,"16":0,"17":0,"18":0,"19":0,"20":0,"21":0,"22":0,"23":0,"24":0,"25":0,"26":0,"27":0,"28":0,"29":0,"30":0,"31":0,"32":0,"33":0,"34":0,"35":0,"36":0,"37":0,"38":0,"39":0,"40":0,"41":0,"42":0,"43":0,"44":0,"45":0,"46":0,"47":0,"48":0,"49":0,"50":0,"51":0,"52":0,"53":0,"54":0,"55":0,"56":0,"57":0,"58":0,"59":0,"60":0,"61":0,"62":0,"63":0,"64":0,"65":0,"66":0,"67":0,"68":0,"69":0,"70":6},"f":{"0":0,"1":0,"2":0,"3":0,"4":0,"5":0,"6":0,"7":0,"8":0,"9":0},"b":{"0":[0,0,0],"1":[0,0],"2":[0,0],"3":[0,0],"4":[0,0],"5":[0,0],"6":[0,0],"7":[0,0],"8":[0,0],"9":[0,0],"10":[0,0],"11":[0,0],"12":[0,0],"13":[0,0],"14":[0,0],"15":[0,0],"16":[0,0],"17":[0,0],"18":[0,0],"19":[0,0],"20":[0,0],"21":[0,0]},"_coverageSchema":"1a1c01bbd47fc00a2c39e90264f33305004495a9","hash":"6592a723a1d46747a6a9568d035b37392d05aaf5"}
,"C:\\Users\\gadie\\OneDrive\\Documentos\\GitHub\\sedir-web-2026\\backend\\src\\controllers\\proyecto.controller.js": {"path":"C:\\Users\\gadie\\OneDrive\\Documentos\\GitHub\\sedir-web-2026\\backend\\src\\controllers\\proyecto.controller.js","statementMap":{"0":{"start":{"line":1,"column":13},"end":{"line":1,"column":42}},"1":{"start":{"line":4,"column":2},"end":{"line":7,"column":5}},"2":{"start":{"line":5,"column":18},"end":{"line":5,"column":32}},"3":{"start":{"line":6,"column":4},"end":{"line":6,"column":80}},"4":{"start":{"line":11,"column":21},"end":{"line":11,"column":47}},"5":{"start":{"line":13,"column":2},"end":{"line":15,"column":3}},"6":{"start":{"line":14,"column":4},"end":{"line":14,"column":16}},"7":{"start":{"line":17,"column":17},"end":{"line":17,"column":35}},"8":{"start":{"line":19,"column":2},"end":{"line":21,"column":3}},"9":{"start":{"line":20,"column":4},"end":{"line":20,"column":16}},"10":{"start":{"line":23,"column":2},"end":{"line":23,"column":16}},"11":{"start":{"line":27,"column":2},"end":{"line":31,"column":34}},"12":{"start":{"line":35,"column":2},"end":{"line":53,"column":3}},"13":{"start":{"line":36,"column":19},"end":{"line":48,"column":6}},"14":{"start":{"line":50,"column":4},"end":{"line":50,"column":26}},"15":{"start":{"line":52,"column":4},"end":{"line":52,"column":51}},"16":{"start":{"line":57,"column":2},"end":{"line":121,"column":3}},"17":{"start":{"line":58,"column":26},"end":{"line":66,"column":6}},"18":{"start":{"line":68,"column":4},"end":{"line":73,"column":5}},"19":{"start":{"line":69,"column":6},"end":{"line":72,"column":9}},"20":{"start":{"line":75,"column":21},"end":{"line":83,"column":5}},"21":{"start":{"line":85,"column":19},"end":{"line":116,"column":5}},"22":{"start":{"line":118,"column":4},"end":{"line":118,"column":41}},"23":{"start":{"line":120,"column":4},"end":{"line":120,"column":51}},"24":{"start":{"line":125,"column":2},"end":{"line":201,"column":3}},"25":{"start":{"line":126,"column":15},"end":{"line":126,"column":50}},"26":{"start":{"line":127,"column":26},"end":{"line":135,"column":6}},"27":{"start":{"line":137,"column":4},"end":{"line":142,"column":5}},"28":{"start":{"line":138,"column":6},"end":{"line":141,"column":9}},"29":{"start":{"line":144,"column":4},"end":{"line":148,"column":5}},"30":{"start":{"line":145,"column":6},"end":{"line":147,"column":9}},"31":{"start":{"line":150,"column":21},"end":{"line":158,"column":5}},"32":{"start":{"line":160,"column":19},"end":{"line":192,"column":5}},"33":{"start":{"line":194,"column":4},"end":{"line":196,"column":5}},"34":{"start":{"line":195,"column":6},"end":{"line":195,"column":71}},"35":{"start":{"line":198,"column":4},"end":{"line":198,"column":29}},"36":{"start":{"line":200,"column":4},"end":{"line":200,"column":51}},"37":{"start":{"line":205,"column":2},"end":{"line":241,"column":3}},"38":{"start":{"line":206,"column":15},"end":{"line":206,"column":50}},"39":{"start":{"line":208,"column":4},"end":{"line":212,"column":5}},"40":{"start":{"line":209,"column":6},"end":{"line":211,"column":9}},"41":{"start":{"line":214,"column":19},"end":{"line":229,"column":5}},"42":{"start":{"line":231,"column":4},"end":{"line":233,"column":5}},"43":{"start":{"line":232,"column":6},"end":{"line":232,"column":71}},"44":{"start":{"line":235,"column":4},"end":{"line":238,"column":7}},"45":{"start":{"line":240,"column":4},"end":{"line":240,"column":51}},"46":{"start":{"line":244,"column":0},"end":{"line":249,"column":2}}},"fnMap":{"0":{"name":"getMissingFields","decl":{"start":{"line":3,"column":9},"end":{"line":3,"column":25}},"loc":{"start":{"line":3,"column":51},"end":{"line":8,"column":1}},"line":3},"1":{"name":"(anonymous_1)","decl":{"start":{"line":4,"column":31},"end":{"line":4,"column":32}},"loc":{"start":{"line":4,"column":42},"end":{"line":7,"column":3}},"line":4},"2":{"name":"parsePositiveInteger","decl":{"start":{"line":10,"column":9},"end":{"line":10,"column":29}},"loc":{"start":{"line":10,"column":37},"end":{"line":24,"column":1}},"line":10},"3":{"name":"sanitizeText","decl":{"start":{"line":26,"column":9},"end":{"line":26,"column":21}},"loc":{"start":{"line":26,"column":29},"end":{"line":32,"column":1}},"line":26},"4":{"name":"obtenerProyectos","decl":{"start":{"line":34,"column":15},"end":{"line":34,"column":31}},"loc":{"start":{"line":34,"column":42},"end":{"line":54,"column":1}},"line":34},"5":{"name":"crearProyecto","decl":{"start":{"line":56,"column":15},"end":{"line":56,"column":28}},"loc":{"start":{"line":56,"column":39},"end":{"line":122,"column":1}},"line":56},"6":{"name":"actualizarProyecto","decl":{"start":{"line":124,"column":15},"end":{"line":124,"column":33}},"loc":{"start":{"line":124,"column":44},"end":{"line":202,"column":1}},"line":124},"7":{"name":"eliminarProyecto","decl":{"start":{"line":204,"column":15},"end":{"line":204,"column":31}},"loc":{"start":{"line":204,"column":42},"end":{"line":242,"column":1}},"line":204}},"branchMap":{"0":{"loc":{"start":{"line":6,"column":11},"end":{"line":6,"column":79}},"type":"binary-expr","locations":[{"start":{"line":6,"column":11},"end":{"line":6,"column":30}},{"start":{"line":6,"column":34},"end":{"line":6,"column":48}},{"start":{"line":6,"column":52},"end":{"line":6,"column":79}}],"line":6},"1":{"loc":{"start":{"line":11,"column":28},"end":{"line":11,"column":39}},"type":"binary-expr","locations":[{"start":{"line":11,"column":28},"end":{"line":11,"column":33}},{"start":{"line":11,"column":37},"end":{"line":11,"column":39}}],"line":11},"2":{"loc":{"start":{"line":13,"column":2},"end":{"line":15,"column":3}},"type":"if","locations":[{"start":{"line":13,"column":2},"end":{"line":15,"column":3}},{"start":{},"end":{}}],"line":13},"3":{"loc":{"start":{"line":19,"column":2},"end":{"line":21,"column":3}},"type":"if","locations":[{"start":{"line":19,"column":2},"end":{"line":21,"column":3}},{"start":{},"end":{}}],"line":19},"4":{"loc":{"start":{"line":19,"column":6},"end":{"line":19,"column":50}},"type":"binary-expr","locations":[{"start":{"line":19,"column":6},"end":{"line":19,"column":35}},{"start":{"line":19,"column":39},"end":{"line":19,"column":50}}],"line":19},"5":{"loc":{"start":{"line":27,"column":16},"end":{"line":27,"column":27}},"type":"binary-expr","locations":[{"start":{"line":27,"column":16},"end":{"line":27,"column":21}},{"start":{"line":27,"column":25},"end":{"line":27,"column":27}}],"line":27},"6":{"loc":{"start":{"line":68,"column":4},"end":{"line":73,"column":5}},"type":"if","locations":[{"start":{"line":68,"column":4},"end":{"line":73,"column":5}},{"start":{},"end":{}}],"line":68},"7":{"loc":{"start":{"line":137,"column":4},"end":{"line":142,"column":5}},"type":"if","locations":[{"start":{"line":137,"column":4},"end":{"line":142,"column":5}},{"start":{},"end":{}}],"line":137},"8":{"loc":{"start":{"line":144,"column":4},"end":{"line":148,"column":5}},"type":"if","locations":[{"start":{"line":144,"column":4},"end":{"line":148,"column":5}},{"start":{},"end":{}}],"line":144},"9":{"loc":{"start":{"line":194,"column":4},"end":{"line":196,"column":5}},"type":"if","locations":[{"start":{"line":194,"column":4},"end":{"line":196,"column":5}},{"start":{},"end":{}}],"line":194},"10":{"loc":{"start":{"line":208,"column":4},"end":{"line":212,"column":5}},"type":"if","locations":[{"start":{"line":208,"column":4},"end":{"line":212,"column":5}},{"start":{},"end":{}}],"line":208},"11":{"loc":{"start":{"line":231,"column":4},"end":{"line":233,"column":5}},"type":"if","locations":[{"start":{"line":231,"column":4},"end":{"line":233,"column":5}},{"start":{},"end":{}}],"line":231}},"s":{"0":6,"1":0,"2":0,"3":0,"4":0,"5":0,"6":0,"7":0,"8":0,"9":0,"10":0,"11":0,"12":0,"13":0,"14":0,"15":0,"16":0,"17":0,"18":0,"19":0,"20":0,"21":0,"22":0,"23":0,"24":0,"25":0,"26":0,"27":0,"28":0,"29":0,"30":0,"31":0,"32":0,"33":0,"34":0,"35":0,"36":0,"37":0,"38":0,"39":0,"40":0,"41":0,"42":0,"43":0,"44":0,"45":0,"46":6},"f":{"0":0,"1":0,"2":0,"3":0,"4":0,"5":0,"6":0,"7":0},"b":{"0":[0,0,0],"1":[0,0],"2":[0,0],"3":[0,0],"4":[0,0],"5":[0,0],"6":[0,0],"7":[0,0],"8":[0,0],"9":[0,0],"10":[0,0],"11":[0,0]},"_coverageSchema":"1a1c01bbd47fc00a2c39e90264f33305004495a9","hash":"50d4b665bd732a9590ec8ecaca9e6d6921c480f6"}
,"C:\\Users\\gadie\\OneDrive\\Documentos\\GitHub\\sedir-web-2026\\backend\\src\\controllers\\publicacion.controller.js": {"path":"C:\\Users\\gadie\\OneDrive\\Documentos\\GitHub\\sedir-web-2026\\backend\\src\\controllers\\publicacion.controller.js","statementMap":{"0":{"start":{"line":1,"column":13},"end":{"line":1,"column":42}},"1":{"start":{"line":3,"column":22},"end":{"line":3,"column":66}},"2":{"start":{"line":6,"column":21},"end":{"line":6,"column":47}},"3":{"start":{"line":8,"column":2},"end":{"line":10,"column":3}},"4":{"start":{"line":9,"column":4},"end":{"line":9,"column":16}},"5":{"start":{"line":12,"column":2},"end":{"line":12,"column":28}},"6":{"start":{"line":16,"column":2},"end":{"line":56,"column":3}},"7":{"start":{"line":17,"column":21},"end":{"line":17,"column":30}},"8":{"start":{"line":19,"column":4},"end":{"line":23,"column":5}},"9":{"start":{"line":20,"column":6},"end":{"line":22,"column":9}},"10":{"start":{"line":25,"column":19},"end":{"line":25,"column":21}},"11":{"start":{"line":26,"column":16},"end":{"line":26,"column":18}},"12":{"start":{"line":28,"column":4},"end":{"line":31,"column":5}},"13":{"start":{"line":29,"column":6},"end":{"line":29,"column":24}},"14":{"start":{"line":30,"column":6},"end":{"line":30,"column":32}},"15":{"start":{"line":33,"column":19},"end":{"line":49,"column":5}},"16":{"start":{"line":51,"column":4},"end":{"line":51,"column":26}},"17":{"start":{"line":53,"column":4},"end":{"line":55,"column":7}},"18":{"start":{"line":60,"column":2},"end":{"line":97,"column":3}},"19":{"start":{"line":61,"column":15},"end":{"line":61,"column":50}},"20":{"start":{"line":63,"column":4},"end":{"line":67,"column":5}},"21":{"start":{"line":64,"column":6},"end":{"line":66,"column":9}},"22":{"start":{"line":69,"column":19},"end":{"line":84,"column":5}},"23":{"start":{"line":86,"column":4},"end":{"line":90,"column":5}},"24":{"start":{"line":87,"column":6},"end":{"line":89,"column":9}},"25":{"start":{"line":92,"column":4},"end":{"line":92,"column":29}},"26":{"start":{"line":94,"column":4},"end":{"line":96,"column":7}},"27":{"start":{"line":100,"column":0},"end":{"line":103,"column":2}}},"fnMap":{"0":{"name":"parsePositiveInteger","decl":{"start":{"line":5,"column":9},"end":{"line":5,"column":29}},"loc":{"start":{"line":5,"column":37},"end":{"line":13,"column":1}},"line":5},"1":{"name":"obtenerPublicaciones","decl":{"start":{"line":15,"column":15},"end":{"line":15,"column":35}},"loc":{"start":{"line":15,"column":46},"end":{"line":57,"column":1}},"line":15},"2":{"name":"obtenerPublicacionPorId","decl":{"start":{"line":59,"column":15},"end":{"line":59,"column":38}},"loc":{"start":{"line":59,"column":49},"end":{"line":98,"column":1}},"line":59}},"branchMap":{"0":{"loc":{"start":{"line":6,"column":28},"end":{"line":6,"column":39}},"type":"binary-expr","locations":[{"start":{"line":6,"column":28},"end":{"line":6,"column":33}},{"start":{"line":6,"column":37},"end":{"line":6,"column":39}}],"line":6},"1":{"loc":{"start":{"line":8,"column":2},"end":{"line":10,"column":3}},"type":"if","locations":[{"start":{"line":8,"column":2},"end":{"line":10,"column":3}},{"start":{},"end":{}}],"line":8},"2":{"loc":{"start":{"line":19,"column":4},"end":{"line":23,"column":5}},"type":"if","locations":[{"start":{"line":19,"column":4},"end":{"line":23,"column":5}},{"start":{},"end":{}}],"line":19},"3":{"loc":{"start":{"line":19,"column":8},"end":{"line":19,"column":45}},"type":"binary-expr","locations":[{"start":{"line":19,"column":8},"end":{"line":19,"column":12}},{"start":{"line":19,"column":16},"end":{"line":19,"column":45}}],"line":19},"4":{"loc":{"start":{"line":28,"column":4},"end":{"line":31,"column":5}},"type":"if","locations":[{"start":{"line":28,"column":4},"end":{"line":31,"column":5}},{"start":{},"end":{}}],"line":28},"5":{"loc":{"start":{"line":63,"column":4},"end":{"line":67,"column":5}},"type":"if","locations":[{"start":{"line":63,"column":4},"end":{"line":67,"column":5}},{"start":{},"end":{}}],"line":63},"6":{"loc":{"start":{"line":86,"column":4},"end":{"line":90,"column":5}},"type":"if","locations":[{"start":{"line":86,"column":4},"end":{"line":90,"column":5}},{"start":{},"end":{}}],"line":86}},"s":{"0":6,"1":6,"2":0,"3":0,"4":0,"5":0,"6":0,"7":0,"8":0,"9":0,"10":0,"11":0,"12":0,"13":0,"14":0,"15":0,"16":0,"17":0,"18":0,"19":0,"20":0,"21":0,"22":0,"23":0,"24":0,"25":0,"26":0,"27":6},"f":{"0":0,"1":0,"2":0},"b":{"0":[0,0],"1":[0,0],"2":[0,0],"3":[0,0],"4":[0,0],"5":[0,0],"6":[0,0]},"_coverageSchema":"1a1c01bbd47fc00a2c39e90264f33305004495a9","hash":"9cc4a24c3ab28c62e4485d76e61f4959b9b70023"}
,"C:\\Users\\gadie\\OneDrive\\Documentos\\GitHub\\sedir-web-2026\\backend\\src\\controllers\\webinar.controller.js": {"path":"C:\\Users\\gadie\\OneDrive\\Documentos\\GitHub\\sedir-web-2026\\backend\\src\\controllers\\webinar.controller.js","statementMap":{"0":{"start":{"line":1,"column":13},"end":{"line":1,"column":42}},"1":{"start":{"line":4,"column":21},"end":{"line":4,"column":47}},"2":{"start":{"line":6,"column":2},"end":{"line":8,"column":3}},"3":{"start":{"line":7,"column":4},"end":{"line":7,"column":16}},"4":{"start":{"line":10,"column":2},"end":{"line":10,"column":28}},"5":{"start":{"line":14,"column":2},"end":{"line":63,"column":3}},"6":{"start":{"line":15,"column":32},"end":{"line":15,"column":41}},"7":{"start":{"line":17,"column":19},"end":{"line":17,"column":21}},"8":{"start":{"line":18,"column":24},"end":{"line":18,"column":26}},"9":{"start":{"line":20,"column":4},"end":{"line":28,"column":5}},"10":{"start":{"line":21,"column":6},"end":{"line":25,"column":7}},"11":{"start":{"line":22,"column":8},"end":{"line":24,"column":11}},"12":{"start":{"line":26,"column":6},"end":{"line":26,"column":32}},"13":{"start":{"line":27,"column":6},"end":{"line":27,"column":77}},"14":{"start":{"line":30,"column":4},"end":{"line":33,"column":5}},"15":{"start":{"line":31,"column":6},"end":{"line":31,"column":29}},"16":{"start":{"line":32,"column":6},"end":{"line":32,"column":56}},"17":{"start":{"line":35,"column":18},"end":{"line":35,"column":80}},"18":{"start":{"line":37,"column":19},"end":{"line":56,"column":5}},"19":{"start":{"line":58,"column":4},"end":{"line":58,"column":26}},"20":{"start":{"line":60,"column":4},"end":{"line":62,"column":7}},"21":{"start":{"line":67,"column":2},"end":{"line":107,"column":3}},"22":{"start":{"line":68,"column":15},"end":{"line":68,"column":50}},"23":{"start":{"line":70,"column":4},"end":{"line":74,"column":5}},"24":{"start":{"line":71,"column":6},"end":{"line":73,"column":9}},"25":{"start":{"line":76,"column":19},"end":{"line":94,"column":5}},"26":{"start":{"line":96,"column":4},"end":{"line":100,"column":5}},"27":{"start":{"line":97,"column":6},"end":{"line":99,"column":9}},"28":{"start":{"line":102,"column":4},"end":{"line":102,"column":29}},"29":{"start":{"line":104,"column":4},"end":{"line":106,"column":7}},"30":{"start":{"line":111,"column":2},"end":{"line":138,"column":3}},"31":{"start":{"line":112,"column":44},"end":{"line":125,"column":6}},"32":{"start":{"line":127,"column":4},"end":{"line":133,"column":7}},"33":{"start":{"line":128,"column":43},"end":{"line":128,"column":51}},"34":{"start":{"line":129,"column":54},"end":{"line":132,"column":7}},"35":{"start":{"line":135,"column":4},"end":{"line":137,"column":7}},"36":{"start":{"line":141,"column":0},"end":{"line":145,"column":2}}},"fnMap":{"0":{"name":"parsePositiveInteger","decl":{"start":{"line":3,"column":9},"end":{"line":3,"column":29}},"loc":{"start":{"line":3,"column":37},"end":{"line":11,"column":1}},"line":3},"1":{"name":"obtenerWebinars","decl":{"start":{"line":13,"column":15},"end":{"line":13,"column":30}},"loc":{"start":{"line":13,"column":41},"end":{"line":64,"column":1}},"line":13},"2":{"name":"obtenerWebinarPorId","decl":{"start":{"line":66,"column":15},"end":{"line":66,"column":34}},"loc":{"start":{"line":66,"column":45},"end":{"line":108,"column":1}},"line":66},"3":{"name":"obtenerFiltrosWebinar","decl":{"start":{"line":110,"column":15},"end":{"line":110,"column":36}},"loc":{"start":{"line":110,"column":47},"end":{"line":139,"column":1}},"line":110},"4":{"name":"(anonymous_4)","decl":{"start":{"line":128,"column":34},"end":{"line":128,"column":35}},"loc":{"start":{"line":128,"column":43},"end":{"line":128,"column":51}},"line":128},"5":{"name":"(anonymous_5)","decl":{"start":{"line":129,"column":44},"end":{"line":129,"column":45}},"loc":{"start":{"line":129,"column":54},"end":{"line":132,"column":7}},"line":129}},"branchMap":{"0":{"loc":{"start":{"line":4,"column":28},"end":{"line":4,"column":39}},"type":"binary-expr","locations":[{"start":{"line":4,"column":28},"end":{"line":4,"column":33}},{"start":{"line":4,"column":37},"end":{"line":4,"column":39}}],"line":4},"1":{"loc":{"start":{"line":6,"column":2},"end":{"line":8,"column":3}},"type":"if","locations":[{"start":{"line":6,"column":2},"end":{"line":8,"column":3}},{"start":{},"end":{}}],"line":6},"2":{"loc":{"start":{"line":20,"column":4},"end":{"line":28,"column":5}},"type":"if","locations":[{"start":{"line":20,"column":4},"end":{"line":28,"column":5}},{"start":{},"end":{}}],"line":20},"3":{"loc":{"start":{"line":20,"column":8},"end":{"line":20,"column":32}},"type":"binary-expr","locations":[{"start":{"line":20,"column":8},"end":{"line":20,"column":12}},{"start":{"line":20,"column":16},"end":{"line":20,"column":32}}],"line":20},"4":{"loc":{"start":{"line":21,"column":6},"end":{"line":25,"column":7}},"type":"if","locations":[{"start":{"line":21,"column":6},"end":{"line":25,"column":7}},{"start":{},"end":{}}],"line":21},"5":{"loc":{"start":{"line":30,"column":4},"end":{"line":33,"column":5}},"type":"if","locations":[{"start":{"line":30,"column":4},"end":{"line":33,"column":5}},{"start":{},"end":{}}],"line":30},"6":{"loc":{"start":{"line":30,"column":8},"end":{"line":30,"column":42}},"type":"binary-expr","locations":[{"start":{"line":30,"column":8},"end":{"line":30,"column":17}},{"start":{"line":30,"column":21},"end":{"line":30,"column":42}}],"line":30},"7":{"loc":{"start":{"line":35,"column":18},"end":{"line":35,"column":80}},"type":"cond-expr","locations":[{"start":{"line":35,"column":39},"end":{"line":35,"column":75}},{"start":{"line":35,"column":78},"end":{"line":35,"column":80}}],"line":35},"8":{"loc":{"start":{"line":70,"column":4},"end":{"line":74,"column":5}},"type":"if","locations":[{"start":{"line":70,"column":4},"end":{"line":74,"column":5}},{"start":{},"end":{}}],"line":70},"9":{"loc":{"start":{"line":96,"column":4},"end":{"line":100,"column":5}},"type":"if","locations":[{"start":{"line":96,"column":4},"end":{"line":100,"column":5}},{"start":{},"end":{}}],"line":96}},"s":{"0":6,"1":0,"2":0,"3":0,"4":0,"5":0,"6":0,"7":0,"8":0,"9":0,"10":0,"11":0,"12":0,"13":0,"14":0,"15":0,"16":0,"17":0,"18":0,"19":0,"20":0,"21":0,"22":0,"23":0,"24":0,"25":0,"26":0,"27":0,"28":0,"29":0,"30":0,"31":0,"32":0,"33":0,"34":0,"35":0,"36":6},"f":{"0":0,"1":0,"2":0,"3":0,"4":0,"5":0},"b":{"0":[0,0],"1":[0,0],"2":[0,0],"3":[0,0],"4":[0,0],"5":[0,0],"6":[0,0],"7":[0,0],"8":[0,0],"9":[0,0]},"_coverageSchema":"1a1c01bbd47fc00a2c39e90264f33305004495a9","hash":"ac41c259185c3de46cc4a8cfa9b88167824ba019"}
,"C:\\Users\\gadie\\OneDrive\\Documentos\\GitHub\\sedir-web-2026\\backend\\src\\middleware\\auth.middleware.js": {"path":"C:\\Users\\gadie\\OneDrive\\Documentos\\GitHub\\sedir-web-2026\\backend\\src\\middleware\\auth.middleware.js","statementMap":{"0":{"start":{"line":1,"column":12},"end":{"line":1,"column":35}},"1":{"start":{"line":4,"column":24},"end":{"line":4,"column":55}},"2":{"start":{"line":6,"column":2},"end":{"line":8,"column":3}},"3":{"start":{"line":7,"column":4},"end":{"line":7,"column":16}},"4":{"start":{"line":10,"column":2},"end":{"line":10,"column":54}},"5":{"start":{"line":14,"column":17},"end":{"line":14,"column":39}},"6":{"start":{"line":16,"column":2},"end":{"line":20,"column":3}},"7":{"start":{"line":17,"column":4},"end":{"line":19,"column":7}},"8":{"start":{"line":22,"column":16},"end":{"line":22,"column":40}},"9":{"start":{"line":24,"column":2},"end":{"line":28,"column":3}},"10":{"start":{"line":25,"column":4},"end":{"line":27,"column":7}},"11":{"start":{"line":30,"column":2},"end":{"line":38,"column":3}},"12":{"start":{"line":31,"column":20},"end":{"line":31,"column":45}},"13":{"start":{"line":32,"column":4},"end":{"line":32,"column":23}},"14":{"start":{"line":33,"column":4},"end":{"line":33,"column":18}},"15":{"start":{"line":35,"column":4},"end":{"line":37,"column":7}},"16":{"start":{"line":42,"column":2},"end":{"line":52,"column":4}},"17":{"start":{"line":43,"column":21},"end":{"line":43,"column":34}},"18":{"start":{"line":45,"column":4},"end":{"line":49,"column":5}},"19":{"start":{"line":46,"column":6},"end":{"line":48,"column":9}},"20":{"start":{"line":51,"column":4},"end":{"line":51,"column":18}},"21":{"start":{"line":55,"column":0},"end":{"line":59,"column":2}}},"fnMap":{"0":{"name":"getTokenFromRequest","decl":{"start":{"line":3,"column":9},"end":{"line":3,"column":28}},"loc":{"start":{"line":3,"column":34},"end":{"line":11,"column":1}},"line":3},"1":{"name":"requireAuth","decl":{"start":{"line":13,"column":9},"end":{"line":13,"column":20}},"loc":{"start":{"line":13,"column":37},"end":{"line":39,"column":1}},"line":13},"2":{"name":"requireRole","decl":{"start":{"line":41,"column":9},"end":{"line":41,"column":20}},"loc":{"start":{"line":41,"column":38},"end":{"line":53,"column":1}},"line":41},"3":{"name":"roleGuard","decl":{"start":{"line":42,"column":18},"end":{"line":42,"column":27}},"loc":{"start":{"line":42,"column":44},"end":{"line":52,"column":3}},"line":42}},"branchMap":{"0":{"loc":{"start":{"line":4,"column":24},"end":{"line":4,"column":55}},"type":"binary-expr","locations":[{"start":{"line":4,"column":24},"end":{"line":4,"column":49}},{"start":{"line":4,"column":53},"end":{"line":4,"column":55}}],"line":4},"1":{"loc":{"start":{"line":6,"column":2},"end":{"line":8,"column":3}},"type":"if","locations":[{"start":{"line":6,"column":2},"end":{"line":8,"column":3}},{"start":{},"end":{}}],"line":6},"2":{"loc":{"start":{"line":16,"column":2},"end":{"line":20,"column":3}},"type":"if","locations":[{"start":{"line":16,"column":2},"end":{"line":20,"column":3}},{"start":{},"end":{}}],"line":16},"3":{"loc":{"start":{"line":24,"column":2},"end":{"line":28,"column":3}},"type":"if","locations":[{"start":{"line":24,"column":2},"end":{"line":28,"column":3}},{"start":{},"end":{}}],"line":24},"4":{"loc":{"start":{"line":45,"column":4},"end":{"line":49,"column":5}},"type":"if","locations":[{"start":{"line":45,"column":4},"end":{"line":49,"column":5}},{"start":{},"end":{}}],"line":45},"5":{"loc":{"start":{"line":45,"column":8},"end":{"line":45,"column":53}},"type":"binary-expr","locations":[{"start":{"line":45,"column":8},"end":{"line":45,"column":17}},{"start":{"line":45,"column":21},"end":{"line":45,"column":53}}],"line":45}},"s":{"0":6,"1":0,"2":0,"3":0,"4":0,"5":0,"6":0,"7":0,"8":0,"9":0,"10":0,"11":0,"12":0,"13":0,"14":0,"15":0,"16":6,"17":0,"18":0,"19":0,"20":0,"21":6},"f":{"0":0,"1":0,"2":6,"3":0},"b":{"0":[0,0],"1":[0,0],"2":[0,0],"3":[0,0],"4":[0,0],"5":[0,0]},"_coverageSchema":"1a1c01bbd47fc00a2c39e90264f33305004495a9","hash":"a5102d8c568ffea981bfdf08ab9b0926a4e09d21"}
,"C:\\Users\\gadie\\OneDrive\\Documentos\\GitHub\\sedir-web-2026\\backend\\src\\middleware\\errorHandler.js": {"path":"C:\\Users\\gadie\\OneDrive\\Documentos\\GitHub\\sedir-web-2026\\backend\\src\\middleware\\errorHandler.js","statementMap":{"0":{"start":{"line":2,"column":2},"end":{"line":5,"column":5}},"1":{"start":{"line":9,"column":2},"end":{"line":11,"column":3}},"2":{"start":{"line":10,"column":4},"end":{"line":10,"column":23}},"3":{"start":{"line":13,"column":2},"end":{"line":13,"column":23}},"4":{"start":{"line":15,"column":2},"end":{"line":17,"column":5}},"5":{"start":{"line":20,"column":0},"end":{"line":23,"column":2}}},"fnMap":{"0":{"name":"notFoundHandler","decl":{"start":{"line":1,"column":9},"end":{"line":1,"column":24}},"loc":{"start":{"line":1,"column":35},"end":{"line":6,"column":1}},"line":1},"1":{"name":"errorHandler","decl":{"start":{"line":8,"column":9},"end":{"line":8,"column":21}},"loc":{"start":{"line":8,"column":45},"end":{"line":18,"column":1}},"line":8}},"branchMap":{"0":{"loc":{"start":{"line":9,"column":2},"end":{"line":11,"column":3}},"type":"if","locations":[{"start":{"line":9,"column":2},"end":{"line":11,"column":3}},{"start":{},"end":{}}],"line":9}},"s":{"0":1,"1":0,"2":0,"3":0,"4":0,"5":6},"f":{"0":1,"1":0},"b":{"0":[0,0]},"_coverageSchema":"1a1c01bbd47fc00a2c39e90264f33305004495a9","hash":"942671a4a79b41c83737c93693bf513bf53d755f"}
,"C:\\Users\\gadie\\OneDrive\\Documentos\\GitHub\\sedir-web-2026\\backend\\src\\middleware\\security.middleware.js": {"path":"C:\\Users\\gadie\\OneDrive\\Documentos\\GitHub\\sedir-web-2026\\backend\\src\\middleware\\security.middleware.js","statementMap":{"0":{"start":{"line":1,"column":15},"end":{"line":1,"column":24}},"1":{"start":{"line":4,"column":2},"end":{"line":4,"column":91}},"2":{"start":{"line":8,"column":2},"end":{"line":8,"column":53}},"3":{"start":{"line":9,"column":2},"end":{"line":9,"column":43}},"4":{"start":{"line":10,"column":2},"end":{"line":10,"column":70}},"5":{"start":{"line":11,"column":2},"end":{"line":11,"column":82}},"6":{"start":{"line":12,"column":2},"end":{"line":12,"column":63}},"7":{"start":{"line":13,"column":2},"end":{"line":27,"column":4}},"8":{"start":{"line":29,"column":25},"end":{"line":29,"column":57}},"9":{"start":{"line":30,"column":2},"end":{"line":32,"column":3}},"10":{"start":{"line":31,"column":4},"end":{"line":31,"column":86}},"11":{"start":{"line":34,"column":2},"end":{"line":34,"column":9}},"12":{"start":{"line":38,"column":19},"end":{"line":38,"column":53}},"13":{"start":{"line":39,"column":14},"end":{"line":39,"column":32}},"14":{"start":{"line":40,"column":18},"end":{"line":40,"column":92}},"15":{"start":{"line":42,"column":2},"end":{"line":64,"column":4}},"16":{"start":{"line":43,"column":16},"end":{"line":43,"column":26}},"17":{"start":{"line":44,"column":16},"end":{"line":44,"column":65}},"18":{"start":{"line":45,"column":20},"end":{"line":45,"column":35}},"19":{"start":{"line":47,"column":4},"end":{"line":53,"column":5}},"20":{"start":{"line":48,"column":6},"end":{"line":51,"column":9}},"21":{"start":{"line":52,"column":6},"end":{"line":52,"column":20}},"22":{"start":{"line":55,"column":4},"end":{"line":55,"column":23}},"23":{"start":{"line":57,"column":4},"end":{"line":61,"column":5}},"24":{"start":{"line":58,"column":25},"end":{"line":58,"column":66}},"25":{"start":{"line":59,"column":6},"end":{"line":59,"column":55}},"26":{"start":{"line":60,"column":6},"end":{"line":60,"column":54}},"27":{"start":{"line":63,"column":4},"end":{"line":63,"column":18}},"28":{"start":{"line":67,"column":23},"end":{"line":71,"column":2}},"29":{"start":{"line":73,"column":25},"end":{"line":78,"column":2}},"30":{"start":{"line":80,"column":27},"end":{"line":85,"column":2}},"31":{"start":{"line":87,"column":0},"end":{"line":92,"column":2}}},"fnMap":{"0":{"name":"getClientIp","decl":{"start":{"line":3,"column":9},"end":{"line":3,"column":20}},"loc":{"start":{"line":3,"column":26},"end":{"line":5,"column":1}},"line":3},"1":{"name":"securityHeaders","decl":{"start":{"line":7,"column":9},"end":{"line":7,"column":24}},"loc":{"start":{"line":7,"column":41},"end":{"line":35,"column":1}},"line":7},"2":{"name":"createRateLimiter","decl":{"start":{"line":37,"column":9},"end":{"line":37,"column":26}},"loc":{"start":{"line":37,"column":41},"end":{"line":65,"column":1}},"line":37},"3":{"name":"rateLimiter","decl":{"start":{"line":42,"column":18},"end":{"line":42,"column":29}},"loc":{"start":{"line":42,"column":46},"end":{"line":64,"column":3}},"line":42}},"branchMap":{"0":{"loc":{"start":{"line":4,"column":9},"end":{"line":4,"column":90}},"type":"binary-expr","locations":[{"start":{"line":4,"column":9},"end":{"line":4,"column":15}},{"start":{"line":4,"column":19},"end":{"line":4,"column":49}},{"start":{"line":4,"column":53},"end":{"line":4,"column":77}},{"start":{"line":4,"column":81},"end":{"line":4,"column":90}}],"line":4},"1":{"loc":{"start":{"line":30,"column":2},"end":{"line":32,"column":3}},"type":"if","locations":[{"start":{"line":30,"column":2},"end":{"line":32,"column":3}},{"start":{},"end":{}}],"line":30},"2":{"loc":{"start":{"line":30,"column":6},"end":{"line":30,"column":46}},"type":"binary-expr","locations":[{"start":{"line":30,"column":6},"end":{"line":30,"column":16}},{"start":{"line":30,"column":20},"end":{"line":30,"column":46}}],"line":30},"3":{"loc":{"start":{"line":37,"column":27},"end":{"line":37,"column":39}},"type":"default-arg","locations":[{"start":{"line":37,"column":37},"end":{"line":37,"column":39}}],"line":37},"4":{"loc":{"start":{"line":38,"column":19},"end":{"line":38,"column":53}},"type":"binary-expr","locations":[{"start":{"line":38,"column":19},"end":{"line":38,"column":35}},{"start":{"line":38,"column":39},"end":{"line":38,"column":53}}],"line":38},"5":{"loc":{"start":{"line":39,"column":14},"end":{"line":39,"column":32}},"type":"binary-expr","locations":[{"start":{"line":39,"column":14},"end":{"line":39,"column":25}},{"start":{"line":39,"column":29},"end":{"line":39,"column":32}}],"line":39},"6":{"loc":{"start":{"line":40,"column":18},"end":{"line":40,"column":92}},"type":"binary-expr","locations":[{"start":{"line":40,"column":18},"end":{"line":40,"column":33}},{"start":{"line":40,"column":37},"end":{"line":40,"column":92}}],"line":40},"7":{"loc":{"start":{"line":44,"column":19},"end":{"line":44,"column":43}},"type":"binary-expr","locations":[{"start":{"line":44,"column":19},"end":{"line":44,"column":31}},{"start":{"line":44,"column":35},"end":{"line":44,"column":43}}],"line":44},"8":{"loc":{"start":{"line":47,"column":4},"end":{"line":53,"column":5}},"type":"if","locations":[{"start":{"line":47,"column":4},"end":{"line":53,"column":5}},{"start":{},"end":{}}],"line":47},"9":{"loc":{"start":{"line":47,"column":8},"end":{"line":47,"column":42}},"type":"binary-expr","locations":[{"start":{"line":47,"column":8},"end":{"line":47,"column":16}},{"start":{"line":47,"column":20},"end":{"line":47,"column":42}}],"line":47},"10":{"loc":{"start":{"line":57,"column":4},"end":{"line":61,"column":5}},"type":"if","locations":[{"start":{"line":57,"column":4},"end":{"line":61,"column":5}},{"start":{},"end":{}}],"line":57}},"s":{"0":6,"1":5,"2":5,"3":5,"4":5,"5":5,"6":5,"7":5,"8":5,"9":5,"10":0,"11":5,"12":18,"13":18,"14":18,"15":18,"16":5,"17":5,"18":5,"19":5,"20":5,"21":5,"22":0,"23":0,"24":0,"25":0,"26":0,"27":0,"28":6,"29":6,"30":6,"31":6},"f":{"0":5,"1":5,"2":18,"3":5},"b":{"0":[5,0,0,0],"1":[0,5],"2":[5,5],"3":[0],"4":[18,0],"5":[18,0],"6":[18,6],"7":[5,0],"8":[5,0],"9":[5,0],"10":[0,0]},"_coverageSchema":"1a1c01bbd47fc00a2c39e90264f33305004495a9","hash":"cb6c0c01e320a662a552ef6fc2ea9157368c8788"}
,"C:\\Users\\gadie\\OneDrive\\Documentos\\GitHub\\sedir-web-2026\\backend\\src\\routes\\auth.routes.js": {"path":"C:\\Users\\gadie\\OneDrive\\Documentos\\GitHub\\sedir-web-2026\\backend\\src\\routes\\auth.routes.js","statementMap":{"0":{"start":{"line":1,"column":16},"end":{"line":1,"column":34}},"1":{"start":{"line":3,"column":22},"end":{"line":3,"column":63}},"2":{"start":{"line":4,"column":24},"end":{"line":4,"column":64}},"3":{"start":{"line":5,"column":29},"end":{"line":5,"column":73}},"4":{"start":{"line":7,"column":15},"end":{"line":7,"column":31}},"5":{"start":{"line":9,"column":0},"end":{"line":9,"column":47}},"6":{"start":{"line":10,"column":0},"end":{"line":10,"column":35}},"7":{"start":{"line":12,"column":0},"end":{"line":12,"column":24}}},"fnMap":{},"branchMap":{},"s":{"0":6,"1":6,"2":6,"3":6,"4":6,"5":6,"6":6,"7":6},"f":{},"b":{},"_coverageSchema":"1a1c01bbd47fc00a2c39e90264f33305004495a9","hash":"fc44376ba0570c6269cb830d248c58467fe70ee5"}
,"C:\\Users\\gadie\\OneDrive\\Documentos\\GitHub\\sedir-web-2026\\backend\\src\\routes\\clima.routes.js": {"path":"C:\\Users\\gadie\\OneDrive\\Documentos\\GitHub\\sedir-web-2026\\backend\\src\\routes\\clima.routes.js","statementMap":{"0":{"start":{"line":1,"column":16},"end":{"line":1,"column":34}},"1":{"start":{"line":2,"column":15},"end":{"line":2,"column":31}},"2":{"start":{"line":3,"column":24},"end":{"line":3,"column":66}},"3":{"start":{"line":5,"column":0},"end":{"line":5,"column":61}},"4":{"start":{"line":6,"column":0},"end":{"line":6,"column":58}},"5":{"start":{"line":8,"column":0},"end":{"line":8,"column":24}}},"fnMap":{},"branchMap":{},"s":{"0":6,"1":6,"2":6,"3":6,"4":6,"5":6},"f":{},"b":{},"_coverageSchema":"1a1c01bbd47fc00a2c39e90264f33305004495a9","hash":"12fe57a74017c044e64dfa928a519775d30558ae"}
,"C:\\Users\\gadie\\OneDrive\\Documentos\\GitHub\\sedir-web-2026\\backend\\src\\routes\\contacto.routes.js": {"path":"C:\\Users\\gadie\\OneDrive\\Documentos\\GitHub\\sedir-web-2026\\backend\\src\\routes\\contacto.routes.js","statementMap":{"0":{"start":{"line":1,"column":16},"end":{"line":1,"column":34}},"1":{"start":{"line":3,"column":26},"end":{"line":3,"column":71}},"2":{"start":{"line":4,"column":31},"end":{"line":4,"column":75}},"3":{"start":{"line":6,"column":15},"end":{"line":6,"column":31}},"4":{"start":{"line":8,"column":0},"end":{"line":8,"column":52}},"5":{"start":{"line":10,"column":0},"end":{"line":10,"column":24}}},"fnMap":{},"branchMap":{},"s":{"0":6,"1":6,"2":6,"3":6,"4":6,"5":6},"f":{},"b":{},"_coverageSchema":"1a1c01bbd47fc00a2c39e90264f33305004495a9","hash":"5023434b1cf8984fcdff6adefe19435c5bc4f3cd"}
,"C:\\Users\\gadie\\OneDrive\\Documentos\\GitHub\\sedir-web-2026\\backend\\src\\routes\\health.routes.js": {"path":"C:\\Users\\gadie\\OneDrive\\Documentos\\GitHub\\sedir-web-2026\\backend\\src\\routes\\health.routes.js","statementMap":{"0":{"start":{"line":1,"column":19},"end":{"line":1,"column":37}},"1":{"start":{"line":3,"column":15},"end":{"line":3,"column":23}},"2":{"start":{"line":5,"column":0},"end":{"line":14,"column":3}},"3":{"start":{"line":6,"column":2},"end":{"line":13,"column":3}},"4":{"start":{"line":7,"column":4},"end":{"line":10,"column":7}},"5":{"start":{"line":12,"column":4},"end":{"line":12,"column":16}},"6":{"start":{"line":16,"column":0},"end":{"line":16,"column":24}}},"fnMap":{"0":{"name":"(anonymous_0)","decl":{"start":{"line":5,"column":22},"end":{"line":5,"column":23}},"loc":{"start":{"line":5,"column":48},"end":{"line":14,"column":1}},"line":5}},"branchMap":{},"s":{"0":6,"1":6,"2":6,"3":0,"4":0,"5":0,"6":6},"f":{"0":0},"b":{},"_coverageSchema":"1a1c01bbd47fc00a2c39e90264f33305004495a9","hash":"d5b31f5e91741b70d95c95004f5ba0fce6672596"}
,"C:\\Users\\gadie\\OneDrive\\Documentos\\GitHub\\sedir-web-2026\\backend\\src\\routes\\noticia.routes.js": {"path":"C:\\Users\\gadie\\OneDrive\\Documentos\\GitHub\\sedir-web-2026\\backend\\src\\routes\\noticia.routes.js","statementMap":{"0":{"start":{"line":1,"column":16},"end":{"line":1,"column":34}},"1":{"start":{"line":9,"column":4},"end":{"line":9,"column":48}},"2":{"start":{"line":10,"column":38},"end":{"line":10,"column":78}},"3":{"start":{"line":12,"column":15},"end":{"line":12,"column":31}},"4":{"start":{"line":14,"column":0},"end":{"line":14,"column":33}},"5":{"start":{"line":15,"column":0},"end":{"line":15,"column":40}},"6":{"start":{"line":16,"column":0},"end":{"line":16,"column":58}},"7":{"start":{"line":17,"column":0},"end":{"line":17,"column":65}},"8":{"start":{"line":18,"column":0},"end":{"line":18,"column":66}},"9":{"start":{"line":20,"column":0},"end":{"line":20,"column":24}}},"fnMap":{},"branchMap":{},"s":{"0":6,"1":6,"2":6,"3":6,"4":6,"5":6,"6":6,"7":6,"8":6,"9":6},"f":{},"b":{},"_coverageSchema":"1a1c01bbd47fc00a2c39e90264f33305004495a9","hash":"163d8496bf6b3ab9acc42eb966e2a8d315101ab8"}
,"C:\\Users\\gadie\\OneDrive\\Documentos\\GitHub\\sedir-web-2026\\backend\\src\\routes\\producto.routes.js": {"path":"C:\\Users\\gadie\\OneDrive\\Documentos\\GitHub\\sedir-web-2026\\backend\\src\\routes\\producto.routes.js","statementMap":{"0":{"start":{"line":1,"column":16},"end":{"line":1,"column":34}},"1":{"start":{"line":8,"column":4},"end":{"line":8,"column":49}},"2":{"start":{"line":9,"column":38},"end":{"line":9,"column":78}},"3":{"start":{"line":11,"column":15},"end":{"line":11,"column":31}},"4":{"start":{"line":13,"column":0},"end":{"line":13,"column":34}},"5":{"start":{"line":14,"column":0},"end":{"line":14,"column":59}},"6":{"start":{"line":15,"column":0},"end":{"line":15,"column":66}},"7":{"start":{"line":16,"column":0},"end":{"line":16,"column":67}},"8":{"start":{"line":18,"column":0},"end":{"line":18,"column":24}}},"fnMap":{},"branchMap":{},"s":{"0":6,"1":6,"2":6,"3":6,"4":6,"5":6,"6":6,"7":6,"8":6},"f":{},"b":{},"_coverageSchema":"1a1c01bbd47fc00a2c39e90264f33305004495a9","hash":"977818984e2b73c417c14d738d2c33f2cec246e6"}
,"C:\\Users\\gadie\\OneDrive\\Documentos\\GitHub\\sedir-web-2026\\backend\\src\\routes\\proyecto.routes.js": {"path":"C:\\Users\\gadie\\OneDrive\\Documentos\\GitHub\\sedir-web-2026\\backend\\src\\routes\\proyecto.routes.js","statementMap":{"0":{"start":{"line":1,"column":16},"end":{"line":1,"column":34}},"1":{"start":{"line":8,"column":4},"end":{"line":8,"column":49}},"2":{"start":{"line":9,"column":38},"end":{"line":9,"column":78}},"3":{"start":{"line":11,"column":15},"end":{"line":11,"column":31}},"4":{"start":{"line":13,"column":0},"end":{"line":13,"column":34}},"5":{"start":{"line":14,"column":0},"end":{"line":14,"column":59}},"6":{"start":{"line":15,"column":0},"end":{"line":15,"column":66}},"7":{"start":{"line":16,"column":0},"end":{"line":16,"column":67}},"8":{"start":{"line":18,"column":0},"end":{"line":18,"column":24}}},"fnMap":{},"branchMap":{},"s":{"0":6,"1":6,"2":6,"3":6,"4":6,"5":6,"6":6,"7":6,"8":6},"f":{},"b":{},"_coverageSchema":"1a1c01bbd47fc00a2c39e90264f33305004495a9","hash":"e6c6c1ded88beb0c91105ffd5b347b302feff858"}
,"C:\\Users\\gadie\\OneDrive\\Documentos\\GitHub\\sedir-web-2026\\backend\\src\\routes\\publicacion.routes.js": {"path":"C:\\Users\\gadie\\OneDrive\\Documentos\\GitHub\\sedir-web-2026\\backend\\src\\routes\\publicacion.routes.js","statementMap":{"0":{"start":{"line":1,"column":16},"end":{"line":1,"column":34}},"1":{"start":{"line":6,"column":4},"end":{"line":6,"column":52}},"2":{"start":{"line":8,"column":15},"end":{"line":8,"column":31}},"3":{"start":{"line":10,"column":0},"end":{"line":10,"column":38}},"4":{"start":{"line":11,"column":0},"end":{"line":11,"column":44}},"5":{"start":{"line":13,"column":0},"end":{"line":13,"column":24}}},"fnMap":{},"branchMap":{},"s":{"0":6,"1":6,"2":6,"3":6,"4":6,"5":6},"f":{},"b":{},"_coverageSchema":"1a1c01bbd47fc00a2c39e90264f33305004495a9","hash":"5fb7daddc6d4a52a38856bf9188a77161c7eca7b"}
,"C:\\Users\\gadie\\OneDrive\\Documentos\\GitHub\\sedir-web-2026\\backend\\src\\routes\\webinar.routes.js": {"path":"C:\\Users\\gadie\\OneDrive\\Documentos\\GitHub\\sedir-web-2026\\backend\\src\\routes\\webinar.routes.js","statementMap":{"0":{"start":{"line":1,"column":16},"end":{"line":1,"column":34}},"1":{"start":{"line":7,"column":4},"end":{"line":7,"column":48}},"2":{"start":{"line":9,"column":15},"end":{"line":9,"column":31}},"3":{"start":{"line":12,"column":0},"end":{"line":12,"column":46}},"4":{"start":{"line":13,"column":0},"end":{"line":13,"column":33}},"5":{"start":{"line":14,"column":0},"end":{"line":14,"column":40}},"6":{"start":{"line":16,"column":0},"end":{"line":16,"column":24}}},"fnMap":{},"branchMap":{},"s":{"0":6,"1":6,"2":6,"3":6,"4":6,"5":6,"6":6},"f":{},"b":{},"_coverageSchema":"1a1c01bbd47fc00a2c39e90264f33305004495a9","hash":"03e17dea3646b3707ee84de2e0283fc2f57ed519"}
}
