TN:
SF:src\app.js
FNF:0
FNH:0
DA:1,6
DA:2,6
DA:4,6
DA:5,6
DA:6,6
DA:7,6
DA:8,6
DA:9,6
DA:10,6
DA:11,6
DA:12,6
DA:13,6
DA:14,6
DA:16,6
DA:18,6
DA:20,6
DA:21,6
DA:22,6
DA:23,6
DA:25,6
DA:26,6
DA:27,6
DA:28,6
DA:29,6
DA:30,6
DA:31,6
DA:32,6
DA:33,6
DA:34,6
DA:36,6
DA:37,6
DA:39,6
LF:32
LH:32
BRF:0
BRH:0
end_of_record
TN:
SF:src\config\database.js
FN:12,testConnection
FNF:1
FNH:0
FNDA:0,testConnection
DA:1,6
DA:3,6
DA:13,0
DA:15,0
DA:16,0
DA:17,0
DA:19,0
DA:23,6
DA:25,6
LF:9
LH:4
BRDA:5,0,0,6
BRDA:5,0,1,6
BRDA:9,1,0,0
BRDA:9,1,1,6
BRF:4
BRH:3
end_of_record
TN:
SF:src\controllers\auth.controller.js
FN:8,buildAuthUser
FN:17,login
FN:84,me
FNF:3
FNH:0
FNDA:0,buildAuthUser
FNDA:0,login
FNDA:0,me
DA:1,6
DA:2,6
DA:4,6
DA:6,6
DA:9,0
DA:18,0
DA:19,0
DA:20,0
DA:22,0
DA:23,0
DA:28,0
DA:38,0
DA:39,0
DA:44,0
DA:45,0
DA:47,0
DA:48,0
DA:53,0
DA:55,0
DA:56,0
DA:61,0
DA:62,0
DA:73,0
DA:78,0
DA:85,0
DA:86,0
DA:88,0
DA:89,0
DA:94,0
DA:103,0
DA:104,0
DA:109,0
DA:113,0
DA:119,6
LF:34
LH:5
BRDA:19,0,0,0
BRDA:19,0,1,0
BRDA:20,1,0,0
BRDA:20,1,1,0
BRDA:22,2,0,0
BRDA:22,2,1,0
BRDA:22,3,0,0
BRDA:22,3,1,0
BRDA:38,4,0,0
BRDA:38,4,1,0
BRDA:47,5,0,0
BRDA:47,5,1,0
BRDA:55,6,0,0
BRDA:55,6,1,0
BRDA:88,7,0,0
BRDA:88,7,1,0
BRDA:103,8,0,0
BRDA:103,8,1,0
BRF:18
BRH:0
end_of_record
TN:
SF:src\controllers\clima.controller.js
FN:10,resolverStationId
FN:42,credencialesWeatherLink
FN:55,llamarWeatherLink
FN:64,(anonymous_3)
FN:84,resumirClimaActual
FN:134,(anonymous_5)
FN:144,(anonymous_6)
FNF:7
FNH:6
FNDA:10,resolverStationId
FNDA:15,credencialesWeatherLink
FNDA:15,llamarWeatherLink
FNDA:0,(anonymous_3)
FNDA:5,resumirClimaActual
FNDA:4,(anonymous_5)
FNDA:11,(anonymous_6)
DA:1,16
DA:5,16
DA:6,16
DA:8,16
DA:11,10
DA:12,7
DA:14,3
DA:15,0
DA:18,3
DA:19,2
DA:20,2
DA:21,1
DA:24,1
DA:25,1
DA:31,1
DA:32,0
DA:38,1
DA:39,1
DA:43,15
DA:44,15
DA:45,15
DA:46,3
DA:49,3
DA:50,3
DA:52,12
DA:56,15
DA:57,12
DA:59,12
DA:63,12
DA:64,3
DA:65,3
DA:68,3
DA:69,3
DA:72,9
DA:85,5
DA:86,5
DA:87,5
DA:89,5
DA:90,9
DA:91,9
DA:92,5
DA:94,4
DA:101,5
DA:102,9
DA:103,53
DA:104,53
DA:108,5
DA:134,16
DA:135,4
DA:136,4
DA:137,2
DA:139,2
DA:140,2
DA:144,16
DA:145,11
DA:146,11
DA:147,11
DA:148,1
DA:151,10
DA:152,8
DA:153,5
DA:155,5
DA:156,5
DA:158,5
DA:159,5
LF:65
LH:63
BRDA:11,0,0,7
BRDA:11,0,1,3
BRDA:14,1,0,0
BRDA:14,1,1,3
BRDA:19,2,0,2
BRDA:19,2,1,0
BRDA:20,3,0,1
BRDA:20,3,1,1
BRDA:31,4,0,0
BRDA:31,4,1,1
BRDA:45,5,0,3
BRDA:45,5,1,12
BRDA:45,6,0,15
BRDA:45,6,1,12
BRDA:57,7,0,0
BRDA:57,7,1,12
BRDA:63,8,0,3
BRDA:63,8,1,9
BRDA:66,9,0,3
BRDA:66,9,1,2
BRDA:89,10,0,5
BRDA:89,10,1,0
BRDA:90,11,0,9
BRDA:90,11,1,0
BRDA:91,12,0,5
BRDA:91,12,1,4
BRDA:91,13,0,9
BRDA:91,13,1,4
BRDA:103,14,0,0
BRDA:103,14,1,53
BRDA:103,15,0,53
BRDA:103,15,1,53
BRDA:104,16,0,45
BRDA:104,16,1,8
BRDA:110,17,0,5
BRDA:110,17,1,0
BRDA:111,18,0,5
BRDA:111,18,1,0
BRDA:112,19,0,5
BRDA:112,19,1,5
BRDA:113,20,0,5
BRDA:113,20,1,5
BRDA:114,21,0,5
BRDA:114,21,1,5
BRDA:115,22,0,5
BRDA:115,22,1,5
BRDA:116,23,0,5
BRDA:116,23,1,5
BRDA:116,23,2,5
BRDA:116,23,3,5
BRDA:117,24,0,5
BRDA:117,24,1,5
BRDA:118,25,0,5
BRDA:118,25,1,5
BRDA:119,26,0,5
BRDA:119,26,1,5
BRDA:120,27,0,5
BRDA:120,27,1,5
BRDA:121,28,0,5
BRDA:121,28,1,0
BRDA:122,29,0,5
BRDA:122,29,1,1
BRDA:122,29,2,1
BRDA:123,30,0,5
BRDA:123,30,1,0
BRDA:123,30,2,0
BRDA:124,31,0,5
BRDA:124,31,1,5
BRDA:125,32,0,5
BRDA:125,32,1,1
BRDA:125,32,2,1
BRDA:126,33,0,5
BRDA:126,33,1,1
BRDA:126,33,2,1
BRDA:127,34,0,5
BRDA:127,34,1,5
BRDA:128,35,0,5
BRDA:128,35,1,0
BRDA:129,36,0,5
BRDA:129,36,1,1
BRDA:140,37,0,2
BRDA:140,37,1,0
BRDA:147,38,0,1
BRDA:147,38,1,10
BRDA:147,39,0,11
BRDA:147,39,1,1
BRDA:159,40,0,5
BRDA:159,40,1,0
BRF:88
BRH:73
end_of_record
TN:
SF:src\controllers\contacto.controller.js
FN:3,sanitizeText
FN:11,isValidEmail
FN:15,getMissingFields
FN:16,(anonymous_3)
FN:22,crearContacto
FNF:5
FNH:0
FNDA:0,sanitizeText
FNDA:0,isValidEmail
FNDA:0,getMissingFields
FNDA:0,(anonymous_3)
FNDA:0,crearContacto
DA:1,6
DA:4,0
DA:12,0
DA:16,0
DA:17,0
DA:18,0
DA:23,0
DA:24,0
DA:26,0
DA:27,0
DA:33,0
DA:41,0
DA:42,0
DA:47,0
DA:48,0
DA:53,0
DA:82,0
DA:87,0
DA:93,6
LF:19
LH:2
BRDA:4,0,0,0
BRDA:4,0,1,0
BRDA:18,1,0,0
BRDA:18,1,1,0
BRDA:18,1,2,0
BRDA:26,2,0,0
BRDA:26,2,1,0
BRDA:36,3,0,0
BRDA:36,3,1,0
BRDA:37,4,0,0
BRDA:37,4,1,0
BRDA:41,5,0,0
BRDA:41,5,1,0
BRDA:47,6,0,0
BRDA:47,6,1,0
BRF:15
BRH:0
end_of_record
TN:
SF:src\controllers\noticia.controller.js
FN:3,getMissingFields
FN:4,(anonymous_1)
FN:10,parsePositiveInteger
FN:26,sanitizeText
FN:34,obtenerNoticias
FN:62,obtenerNoticiaPorId
FN:107,crearNoticia
FN:180,actualizarNoticia
FN:266,eliminarNoticia
FNF:9
FNH:0
FNDA:0,getMissingFields
FNDA:0,(anonymous_1)
FNDA:0,parsePositiveInteger
FNDA:0,sanitizeText
FNDA:0,obtenerNoticias
FNDA:0,obtenerNoticiaPorId
FNDA:0,crearNoticia
FNDA:0,actualizarNoticia
FNDA:0,eliminarNoticia
DA:1,6
DA:4,0
DA:5,0
DA:6,0
DA:11,0
DA:13,0
DA:14,0
DA:17,0
DA:19,0
DA:20,0
DA:23,0
DA:27,0
DA:35,0
DA:36,0
DA:54,0
DA:56,0
DA:63,0
DA:64,0
DA:66,0
DA:67,0
DA:72,0
DA:93,0
DA:94,0
DA:99,0
DA:101,0
DA:108,0
DA:109,0
DA:110,0
DA:119,0
DA:120,0
DA:126,0
DA:127,0
DA:132,0
DA:140,0
DA:172,0
DA:174,0
DA:181,0
DA:182,0
DA:183,0
DA:184,0
DA:193,0
DA:194,0
DA:200,0
DA:201,0
DA:206,0
DA:207,0
DA:212,0
DA:220,0
DA:252,0
DA:253,0
DA:258,0
DA:260,0
DA:267,0
DA:268,0
DA:270,0
DA:271,0
DA:276,0
DA:294,0
DA:295,0
DA:300,0
DA:305,0
DA:311,6
LF:62
LH:2
BRDA:6,0,0,0
BRDA:6,0,1,0
BRDA:6,0,2,0
BRDA:11,1,0,0
BRDA:11,1,1,0
BRDA:13,2,0,0
BRDA:13,2,1,0
BRDA:19,3,0,0
BRDA:19,3,1,0
BRDA:19,4,0,0
BRDA:19,4,1,0
BRDA:27,5,0,0
BRDA:27,5,1,0
BRDA:66,6,0,0
BRDA:66,6,1,0
BRDA:93,7,0,0
BRDA:93,7,1,0
BRDA:119,8,0,0
BRDA:119,8,1,0
BRDA:126,9,0,0
BRDA:126,9,1,0
BRDA:193,10,0,0
BRDA:193,10,1,0
BRDA:200,11,0,0
BRDA:200,11,1,0
BRDA:206,12,0,0
BRDA:206,12,1,0
BRDA:252,13,0,0
BRDA:252,13,1,0
BRDA:270,14,0,0
BRDA:270,14,1,0
BRDA:294,15,0,0
BRDA:294,15,1,0
BRF:33
BRH:0
end_of_record
TN:
SF:src\controllers\producto.controller.js
FN:3,getMissingFields
FN:4,(anonymous_1)
FN:10,parsePositiveInteger
FN:26,sanitizeText
FN:34,obtenerProductos
FN:68,crearProducto
FN:128,(anonymous_6)
FN:176,actualizarProducto
FN:251,(anonymous_8)
FN:299,eliminarProducto
FNF:10
FNH:0
FNDA:0,getMissingFields
FNDA:0,(anonymous_1)
FNDA:0,parsePositiveInteger
FNDA:0,sanitizeText
FNDA:0,obtenerProductos
FNDA:0,crearProducto
FNDA:0,(anonymous_6)
FNDA:0,actualizarProducto
FNDA:0,(anonymous_8)
FNDA:0,eliminarProducto
DA:1,6
DA:4,0
DA:5,0
DA:6,0
DA:11,0
DA:13,0
DA:14,0
DA:17,0
DA:19,0
DA:20,0
DA:23,0
DA:27,0
DA:35,0
DA:36,0
DA:60,0
DA:62,0
DA:69,0
DA:70,0
DA:71,0
DA:78,0
DA:79,0
DA:85,0
DA:86,0
DA:91,0
DA:97,0
DA:123,0
DA:126,0
DA:127,0
DA:128,0
DA:131,0
DA:132,0
DA:133,0
DA:144,0
DA:168,0
DA:170,0
DA:177,0
DA:178,0
DA:179,0
DA:180,0
DA:187,0
DA:188,0
DA:194,0
DA:195,0
DA:200,0
DA:201,0
DA:206,0
DA:212,0
DA:240,0
DA:241,0
DA:247,0
DA:249,0
DA:250,0
DA:251,0
DA:254,0
DA:255,0
DA:256,0
DA:267,0
DA:291,0
DA:293,0
DA:300,0
DA:301,0
DA:303,0
DA:304,0
DA:309,0
DA:325,0
DA:326,0
DA:331,0
DA:336,0
DA:342,6
LF:69
LH:2
BRDA:6,0,0,0
BRDA:6,0,1,0
BRDA:6,0,2,0
BRDA:11,1,0,0
BRDA:11,1,1,0
BRDA:13,2,0,0
BRDA:13,2,1,0
BRDA:19,3,0,0
BRDA:19,3,1,0
BRDA:19,4,0,0
BRDA:19,4,1,0
BRDA:27,5,0,0
BRDA:27,5,1,0
BRDA:78,6,0,0
BRDA:78,6,1,0
BRDA:85,7,0,0
BRDA:85,7,1,0
BRDA:126,8,0,0
BRDA:126,8,1,0
BRDA:127,9,0,0
BRDA:127,9,1,0
BRDA:131,10,0,0
BRDA:131,10,1,0
BRDA:131,11,0,0
BRDA:131,11,1,0
BRDA:187,12,0,0
BRDA:187,12,1,0
BRDA:194,13,0,0
BRDA:194,13,1,0
BRDA:200,14,0,0
BRDA:200,14,1,0
BRDA:240,15,0,0
BRDA:240,15,1,0
BRDA:249,16,0,0
BRDA:249,16,1,0
BRDA:250,17,0,0
BRDA:250,17,1,0
BRDA:254,18,0,0
BRDA:254,18,1,0
BRDA:254,19,0,0
BRDA:254,19,1,0
BRDA:303,20,0,0
BRDA:303,20,1,0
BRDA:325,21,0,0
BRDA:325,21,1,0
BRF:45
BRH:0
end_of_record
TN:
SF:src\controllers\proyecto.controller.js
FN:3,getMissingFields
FN:4,(anonymous_1)
FN:10,parsePositiveInteger
FN:26,sanitizeText
FN:34,obtenerProyectos
FN:56,crearProyecto
FN:124,actualizarProyecto
FN:204,eliminarProyecto
FNF:8
FNH:0
FNDA:0,getMissingFields
FNDA:0,(anonymous_1)
FNDA:0,parsePositiveInteger
FNDA:0,sanitizeText
FNDA:0,obtenerProyectos
FNDA:0,crearProyecto
FNDA:0,actualizarProyecto
FNDA:0,eliminarProyecto
DA:1,6
DA:4,0
DA:5,0
DA:6,0
DA:11,0
DA:13,0
DA:14,0
DA:17,0
DA:19,0
DA:20,0
DA:23,0
DA:27,0
DA:35,0
DA:36,0
DA:50,0
DA:52,0
DA:57,0
DA:58,0
DA:68,0
DA:69,0
DA:75,0
DA:85,0
DA:118,0
DA:120,0
DA:125,0
DA:126,0
DA:127,0
DA:137,0
DA:138,0
DA:144,0
DA:145,0
DA:150,0
DA:160,0
DA:194,0
DA:195,0
DA:198,0
DA:200,0
DA:205,0
DA:206,0
DA:208,0
DA:209,0
DA:214,0
DA:231,0
DA:232,0
DA:235,0
DA:240,0
DA:244,6
LF:47
LH:2
BRDA:6,0,0,0
BRDA:6,0,1,0
BRDA:6,0,2,0
BRDA:11,1,0,0
BRDA:11,1,1,0
BRDA:13,2,0,0
BRDA:13,2,1,0
BRDA:19,3,0,0
BRDA:19,3,1,0
BRDA:19,4,0,0
BRDA:19,4,1,0
BRDA:27,5,0,0
BRDA:27,5,1,0
BRDA:68,6,0,0
BRDA:68,6,1,0
BRDA:137,7,0,0
BRDA:137,7,1,0
BRDA:144,8,0,0
BRDA:144,8,1,0
BRDA:194,9,0,0
BRDA:194,9,1,0
BRDA:208,10,0,0
BRDA:208,10,1,0
BRDA:231,11,0,0
BRDA:231,11,1,0
BRF:25
BRH:0
end_of_record
TN:
SF:src\controllers\publicacion.controller.js
FN:5,parsePositiveInteger
FN:15,obtenerPublicaciones
FN:59,obtenerPublicacionPorId
FNF:3
FNH:0
FNDA:0,parsePositiveInteger
FNDA:0,obtenerPublicaciones
FNDA:0,obtenerPublicacionPorId
DA:1,6
DA:3,6
DA:6,0
DA:8,0
DA:9,0
DA:12,0
DA:16,0
DA:17,0
DA:19,0
DA:20,0
DA:25,0
DA:26,0
DA:28,0
DA:29,0
DA:30,0
DA:33,0
DA:51,0
DA:53,0
DA:60,0
DA:61,0
DA:63,0
DA:64,0
DA:69,0
DA:86,0
DA:87,0
DA:92,0
DA:94,0
DA:100,6
LF:28
LH:3
BRDA:6,0,0,0
BRDA:6,0,1,0
BRDA:8,1,0,0
BRDA:8,1,1,0
BRDA:19,2,0,0
BRDA:19,2,1,0
BRDA:19,3,0,0
BRDA:19,3,1,0
BRDA:28,4,0,0
BRDA:28,4,1,0
BRDA:63,5,0,0
BRDA:63,5,1,0
BRDA:86,6,0,0
BRDA:86,6,1,0
BRF:14
BRH:0
end_of_record
TN:
SF:src\controllers\webinar.controller.js
FN:3,parsePositiveInteger
FN:13,obtenerWebinars
FN:66,obtenerWebinarPorId
FN:110,obtenerFiltrosWebinar
FN:128,(anonymous_4)
FN:129,(anonymous_5)
FNF:6
FNH:0
FNDA:0,parsePositiveInteger
FNDA:0,obtenerWebinars
FNDA:0,obtenerWebinarPorId
FNDA:0,obtenerFiltrosWebinar
FNDA:0,(anonymous_4)
FNDA:0,(anonymous_5)
DA:1,6
DA:4,0
DA:6,0
DA:7,0
DA:10,0
DA:14,0
DA:15,0
DA:17,0
DA:18,0
DA:20,0
DA:21,0
DA:22,0
DA:26,0
DA:27,0
DA:30,0
DA:31,0
DA:32,0
DA:35,0
DA:37,0
DA:58,0
DA:60,0
DA:67,0
DA:68,0
DA:70,0
DA:71,0
DA:76,0
DA:96,0
DA:97,0
DA:102,0
DA:104,0
DA:111,0
DA:112,0
DA:127,0
DA:128,0
DA:129,0
DA:135,0
DA:141,6
LF:37
LH:2
BRDA:4,0,0,0
BRDA:4,0,1,0
BRDA:6,1,0,0
BRDA:6,1,1,0
BRDA:20,2,0,0
BRDA:20,2,1,0
BRDA:20,3,0,0
BRDA:20,3,1,0
BRDA:21,4,0,0
BRDA:21,4,1,0
BRDA:30,5,0,0
BRDA:30,5,1,0
BRDA:30,6,0,0
BRDA:30,6,1,0
BRDA:35,7,0,0
BRDA:35,7,1,0
BRDA:70,8,0,0
BRDA:70,8,1,0
BRDA:96,9,0,0
BRDA:96,9,1,0
BRF:20
BRH:0
end_of_record
TN:
SF:src\middleware\auth.middleware.js
FN:3,getTokenFromRequest
FN:13,requireAuth
FN:41,requireRole
FN:42,roleGuard
FNF:4
FNH:1
FNDA:0,getTokenFromRequest
FNDA:0,requireAuth
FNDA:6,requireRole
FNDA:0,roleGuard
DA:1,6
DA:4,0
DA:6,0
DA:7,0
DA:10,0
DA:14,0
DA:16,0
DA:17,0
DA:22,0
DA:24,0
DA:25,0
DA:30,0
DA:31,0
DA:32,0
DA:33,0
DA:35,0
DA:42,6
DA:43,0
DA:45,0
DA:46,0
DA:51,0
DA:55,6
LF:22
LH:3
BRDA:4,0,0,0
BRDA:4,0,1,0
BRDA:6,1,0,0
BRDA:6,1,1,0
BRDA:16,2,0,0
BRDA:16,2,1,0
BRDA:24,3,0,0
BRDA:24,3,1,0
BRDA:45,4,0,0
BRDA:45,4,1,0
BRDA:45,5,0,0
BRDA:45,5,1,0
BRF:12
BRH:0
end_of_record
TN:
SF:src\middleware\errorHandler.js
FN:1,notFoundHandler
FN:8,errorHandler
FNF:2
FNH:1
FNDA:1,notFoundHandler
FNDA:0,errorHandler
DA:2,1
DA:9,0
DA:10,0
DA:13,0
DA:15,0
DA:20,6
LF:6
LH:2
BRDA:9,0,0,0
BRDA:9,0,1,0
BRF:2
BRH:0
end_of_record
TN:
SF:src\middleware\security.middleware.js
FN:3,getClientIp
FN:7,securityHeaders
FN:37,createRateLimiter
FN:42,rateLimiter
FNF:4
FNH:4
FNDA:5,getClientIp
FNDA:5,securityHeaders
FNDA:18,createRateLimiter
FNDA:5,rateLimiter
DA:1,6
DA:4,5
DA:8,5
DA:9,5
DA:10,5
DA:11,5
DA:12,5
DA:13,5
DA:29,5
DA:30,5
DA:31,0
DA:34,5
DA:38,18
DA:39,18
DA:40,18
DA:42,18
DA:43,5
DA:44,5
DA:45,5
DA:47,5
DA:48,5
DA:52,5
DA:55,0
DA:57,0
DA:58,0
DA:59,0
DA:60,0
DA:63,0
DA:67,6
DA:73,6
DA:80,6
DA:87,6
LF:32
LH:25
BRDA:4,0,0,5
BRDA:4,0,1,0
BRDA:4,0,2,0
BRDA:4,0,3,0
BRDA:30,1,0,0
BRDA:30,1,1,5
BRDA:30,2,0,5
BRDA:30,2,1,5
BRDA:37,3,0,0
BRDA:38,4,0,18
BRDA:38,4,1,0
BRDA:39,5,0,18
BRDA:39,5,1,0
BRDA:40,6,0,18
BRDA:40,6,1,6
BRDA:44,7,0,5
BRDA:44,7,1,0
BRDA:47,8,0,5
BRDA:47,8,1,0
BRDA:47,9,0,5
BRDA:47,9,1,0
BRDA:57,10,0,0
BRDA:57,10,1,0
BRF:23
BRH:11
end_of_record
TN:
SF:src\routes\auth.routes.js
FNF:0
FNH:0
DA:1,6
DA:3,6
DA:4,6
DA:5,6
DA:7,6
DA:9,6
DA:10,6
DA:12,6
LF:8
LH:8
BRF:0
BRH:0
end_of_record
TN:
SF:src\routes\clima.routes.js
FNF:0
FNH:0
DA:1,6
DA:2,6
DA:3,6
DA:5,6
DA:6,6
DA:8,6
LF:6
LH:6
BRF:0
BRH:0
end_of_record
TN:
SF:src\routes\contacto.routes.js
FNF:0
FNH:0
DA:1,6
DA:3,6
DA:4,6
DA:6,6
DA:8,6
DA:10,6
LF:6
LH:6
BRF:0
BRH:0
end_of_record
TN:
SF:src\routes\health.routes.js
FN:5,(anonymous_0)
FNF:1
FNH:0
FNDA:0,(anonymous_0)
DA:1,6
DA:3,6
DA:5,6
DA:6,0
DA:7,0
DA:12,0
DA:16,6
LF:7
LH:4
BRF:0
BRH:0
end_of_record
TN:
SF:src\routes\noticia.routes.js
FNF:0
FNH:0
DA:1,6
DA:9,6
DA:10,6
DA:12,6
DA:14,6
DA:15,6
DA:16,6
DA:17,6
DA:18,6
DA:20,6
LF:10
LH:10
BRF:0
BRH:0
end_of_record
TN:
SF:src\routes\producto.routes.js
FNF:0
FNH:0
DA:1,6
DA:8,6
DA:9,6
DA:11,6
DA:13,6
DA:14,6
DA:15,6
DA:16,6
DA:18,6
LF:9
LH:9
BRF:0
BRH:0
end_of_record
TN:
SF:src\routes\proyecto.routes.js
FNF:0
FNH:0
DA:1,6
DA:8,6
DA:9,6
DA:11,6
DA:13,6
DA:14,6
DA:15,6
DA:16,6
DA:18,6
LF:9
LH:9
BRF:0
BRH:0
end_of_record
TN:
SF:src\routes\publicacion.routes.js
FNF:0
FNH:0
DA:1,6
DA:6,6
DA:8,6
DA:10,6
DA:11,6
DA:13,6
LF:6
LH:6
BRF:0
BRH:0
end_of_record
TN:
SF:src\routes\webinar.routes.js
FNF:0
FNH:0
DA:1,6
DA:7,6
DA:9,6
DA:12,6
DA:13,6
DA:14,6
DA:16,6
LF:7
LH:7
BRF:0
BRH:0
end_of_record
